[0.153s] DEBUG:colcon:Command line arguments: ['/usr/bin/colcon', 'build']
[0.154s] DEBUG:colcon:Parsed command line arguments: Namespace(log_base=None, log_level=None, verb_name='build', build_base='build', install_base='install', merge_install=False, symlink_install=False, test_result_base=None, continue_on_error=False, executor='parallel', parallel_workers=8, event_handlers=None, ignore_user_meta=False, metas=['./colcon.meta'], base_paths=['.'], packages_ignore=None, packages_ignore_regex=None, paths=None, packages_up_to=None, packages_up_to_regex=None, packages_above=None, packages_above_and_dependencies=None, packages_above_depth=None, packages_select_by_dep=None, packages_skip_by_dep=None, packages_skip_up_to=None, packages_select_build_failed=False, packages_skip_build_finished=False, packages_select_test_failures=False, packages_skip_test_passed=False, packages_select=None, packages_skip=None, packages_select_regex=None, packages_skip_regex=None, packages_start=None, packages_end=None, allow_overriding=[], cmake_args=None, cmake_target=None, cmake_target_skip_unavailable=False, cmake_clean_cache=False, cmake_clean_first=False, cmake_force_configure=False, ament_cmake_args=None, catkin_cmake_args=None, catkin_skip_building_tests=False, verb_parser=<colcon_defaults.argument_parser.defaults.DefaultArgumentsDecorator object at 0xffff84f9b110>, verb_extension=<colcon_core.verb.build.BuildVerb object at 0xffff84f9ae40>, main=<bound method BuildVerb.main of <colcon_core.verb.build.BuildVerb object at 0xffff84f9ae40>>)
[0.209s] Level 1:colcon.colcon_core.package_discovery:discover_packages(colcon_meta) check parameters
[0.209s] Level 1:colcon.colcon_core.package_discovery:discover_packages(recursive) check parameters
[0.209s] Level 1:colcon.colcon_core.package_discovery:discover_packages(ignore) check parameters
[0.209s] Level 1:colcon.colcon_core.package_discovery:discover_packages(path) check parameters
[0.209s] Level 1:colcon.colcon_core.package_discovery:discover_packages(colcon_meta) discover
[0.209s] Level 1:colcon.colcon_core.package_discovery:discover_packages(recursive) discover
[0.209s] INFO:colcon.colcon_core.package_discovery:Crawling recursively for packages in '/home/nyf/code/ROS2_workspace/mavROS_test'
[0.209s] Level 1:colcon.colcon_core.package_identification:_identify(.) by extensions ['ignore', 'ignore_ament_install']
[0.210s] Level 1:colcon.colcon_core.package_identification:_identify(.) by extension 'ignore'
[0.210s] Level 1:colcon.colcon_core.package_identification:_identify(.) by extension 'ignore_ament_install'
[0.210s] Level 1:colcon.colcon_core.package_identification:_identify(.) by extensions ['colcon_pkg']
[0.210s] Level 1:colcon.colcon_core.package_identification:_identify(.) by extension 'colcon_pkg'
[0.210s] Level 1:colcon.colcon_core.package_identification:_identify(.) by extensions ['colcon_meta']
[0.210s] Level 1:colcon.colcon_core.package_identification:_identify(.) by extension 'colcon_meta'
[0.210s] Level 1:colcon.colcon_core.package_identification:_identify(.) by extensions ['ros']
[0.210s] Level 1:colcon.colcon_core.package_identification:_identify(.) by extension 'ros'
[0.251s] Level 1:colcon.colcon_core.package_identification:_identify(.) by extensions ['cmake', 'python']
[0.252s] Level 1:colcon.colcon_core.package_identification:_identify(.) by extension 'cmake'
[0.252s] Level 1:colcon.colcon_core.package_identification:_identify(.) by extension 'python'
[0.252s] Level 1:colcon.colcon_core.package_identification:_identify(.) by extensions ['python_setup_py']
[0.252s] Level 1:colcon.colcon_core.package_identification:_identify(.) by extension 'python_setup_py'
[0.252s] Level 1:colcon.colcon_core.package_identification:_identify(build) by extensions ['ignore', 'ignore_ament_install']
[0.252s] Level 1:colcon.colcon_core.package_identification:_identify(build) by extension 'ignore'
[0.252s] Level 1:colcon.colcon_core.package_identification:_identify(build) ignored
[0.252s] Level 1:colcon.colcon_core.package_identification:_identify(install) by extensions ['ignore', 'ignore_ament_install']
[0.253s] Level 1:colcon.colcon_core.package_identification:_identify(install) by extension 'ignore'
[0.253s] Level 1:colcon.colcon_core.package_identification:_identify(install) ignored
[0.253s] Level 1:colcon.colcon_core.package_identification:_identify(log) by extensions ['ignore', 'ignore_ament_install']
[0.253s] Level 1:colcon.colcon_core.package_identification:_identify(log) by extension 'ignore'
[0.253s] Level 1:colcon.colcon_core.package_identification:_identify(log) ignored
[0.253s] Level 1:colcon.colcon_core.package_identification:_identify(src) by extensions ['ignore', 'ignore_ament_install']
[0.253s] Level 1:colcon.colcon_core.package_identification:_identify(src) by extension 'ignore'
[0.253s] Level 1:colcon.colcon_core.package_identification:_identify(src) by extension 'ignore_ament_install'
[0.253s] Level 1:colcon.colcon_core.package_identification:_identify(src) by extensions ['colcon_pkg']
[0.253s] Level 1:colcon.colcon_core.package_identification:_identify(src) by extension 'colcon_pkg'
[0.253s] Level 1:colcon.colcon_core.package_identification:_identify(src) by extensions ['colcon_meta']
[0.253s] Level 1:colcon.colcon_core.package_identification:_identify(src) by extension 'colcon_meta'
[0.253s] Level 1:colcon.colcon_core.package_identification:_identify(src) by extensions ['ros']
[0.254s] Level 1:colcon.colcon_core.package_identification:_identify(src) by extension 'ros'
[0.254s] Level 1:colcon.colcon_core.package_identification:_identify(src) by extensions ['cmake', 'python']
[0.254s] Level 1:colcon.colcon_core.package_identification:_identify(src) by extension 'cmake'
[0.254s] Level 1:colcon.colcon_core.package_identification:_identify(src) by extension 'python'
[0.254s] Level 1:colcon.colcon_core.package_identification:_identify(src) by extensions ['python_setup_py']
[0.254s] Level 1:colcon.colcon_core.package_identification:_identify(src) by extension 'python_setup_py'
[0.254s] Level 1:colcon.colcon_core.package_identification:_identify(src/mavROS_test) by extensions ['ignore', 'ignore_ament_install']
[0.254s] Level 1:colcon.colcon_core.package_identification:_identify(src/mavROS_test) by extension 'ignore'
[0.254s] Level 1:colcon.colcon_core.package_identification:_identify(src/mavROS_test) by extension 'ignore_ament_install'
[0.254s] Level 1:colcon.colcon_core.package_identification:_identify(src/mavROS_test) by extensions ['colcon_pkg']
[0.254s] Level 1:colcon.colcon_core.package_identification:_identify(src/mavROS_test) by extension 'colcon_pkg'
[0.254s] Level 1:colcon.colcon_core.package_identification:_identify(src/mavROS_test) by extensions ['colcon_meta']
[0.254s] Level 1:colcon.colcon_core.package_identification:_identify(src/mavROS_test) by extension 'colcon_meta'
[0.254s] Level 1:colcon.colcon_core.package_identification:_identify(src/mavROS_test) by extensions ['ros']
[0.254s] Level 1:colcon.colcon_core.package_identification:_identify(src/mavROS_test) by extension 'ros'
[0.261s] DEBUG:colcon.colcon_core.package_identification:Package 'src/mavROS_test' with type 'ros.ament_cmake' and name 'mavROS_test'
[0.261s] Level 1:colcon.colcon_core.package_discovery:discover_packages(recursive) using defaults
[0.261s] Level 1:colcon.colcon_core.package_discovery:discover_packages(ignore) discover
[0.261s] Level 1:colcon.colcon_core.package_discovery:discover_packages(ignore) using defaults
[0.261s] Level 1:colcon.colcon_core.package_discovery:discover_packages(path) discover
[0.261s] Level 1:colcon.colcon_core.package_discovery:discover_packages(path) using defaults
[0.288s] Level 1:colcon.colcon_core.package_discovery:discover_packages(prefix_path) check parameters
[0.288s] Level 1:colcon.colcon_core.package_discovery:discover_packages(prefix_path) discover
[0.290s] WARNING:colcon.colcon_ros.prefix_path.ament:The path '/home/nyf/code/ROS2_workspace/mavROS_test/install/hello_world_cpp' in the environment variable AMENT_PREFIX_PATH doesn't exist
[0.290s] WARNING:colcon.colcon_ros.prefix_path.catkin:The path '/home/nyf/code/ROS2_workspace/mavROS_test/install/hello_world_cpp' in the environment variable CMAKE_PREFIX_PATH doesn't exist
[0.291s] DEBUG:colcon.colcon_installed_package_information.package_discovery:Found 1 installed packages in /home/nyf/code/ROS2_workspace/mavROS_test/install
[0.294s] DEBUG:colcon.colcon_installed_package_information.package_discovery:Found 292 installed packages in /opt/ros/jazzy
[0.295s] Level 1:colcon.colcon_core.package_discovery:discover_packages(prefix_path) using defaults
[0.363s] Level 5:colcon.colcon_core.verb:set package 'mavROS_test' build argument 'cmake_args' from command line to 'None'
[0.363s] Level 5:colcon.colcon_core.verb:set package 'mavROS_test' build argument 'cmake_target' from command line to 'None'
[0.363s] Level 5:colcon.colcon_core.verb:set package 'mavROS_test' build argument 'cmake_target_skip_unavailable' from command line to 'False'
[0.363s] Level 5:colcon.colcon_core.verb:set package 'mavROS_test' build argument 'cmake_clean_cache' from command line to 'False'
[0.363s] Level 5:colcon.colcon_core.verb:set package 'mavROS_test' build argument 'cmake_clean_first' from command line to 'False'
[0.363s] Level 5:colcon.colcon_core.verb:set package 'mavROS_test' build argument 'cmake_force_configure' from command line to 'False'
[0.363s] Level 5:colcon.colcon_core.verb:set package 'mavROS_test' build argument 'ament_cmake_args' from command line to 'None'
[0.363s] Level 5:colcon.colcon_core.verb:set package 'mavROS_test' build argument 'catkin_cmake_args' from command line to 'None'
[0.363s] Level 5:colcon.colcon_core.verb:set package 'mavROS_test' build argument 'catkin_skip_building_tests' from command line to 'False'
[0.363s] DEBUG:colcon.colcon_core.verb:Building package 'mavROS_test' with the following arguments: {'ament_cmake_args': None, 'build_base': '/home/nyf/code/ROS2_workspace/mavROS_test/build/mavROS_test', 'catkin_cmake_args': None, 'catkin_skip_building_tests': False, 'cmake_args': None, 'cmake_clean_cache': False, 'cmake_clean_first': False, 'cmake_force_configure': False, 'cmake_target': None, 'cmake_target_skip_unavailable': False, 'install_base': '/home/nyf/code/ROS2_workspace/mavROS_test/install/mavROS_test', 'merge_install': False, 'path': '/home/nyf/code/ROS2_workspace/mavROS_test/src/mavROS_test', 'symlink_install': False, 'test_result_base': None}
[0.363s] INFO:colcon.colcon_core.executor:Executing jobs using 'parallel' executor
[0.366s] DEBUG:colcon.colcon_parallel_executor.executor.parallel:run_until_complete
[0.366s] INFO:colcon.colcon_ros.task.ament_cmake.build:Building ROS package in '/home/nyf/code/ROS2_workspace/mavROS_test/src/mavROS_test' with build type 'ament_cmake'
[0.367s] INFO:colcon.colcon_cmake.task.cmake.build:Building CMake package in '/home/nyf/code/ROS2_workspace/mavROS_test/src/mavROS_test'
[0.370s] INFO:colcon.colcon_core.plugin_system:Skipping extension 'colcon_core.shell.bat': Not used on non-Windows systems
[0.370s] INFO:colcon.colcon_core.shell:Skip shell extension 'powershell' for command environment: Not usable outside of PowerShell
[0.370s] DEBUG:colcon.colcon_core.shell:Skip shell extension 'dsv' for command environment
[0.393s] DEBUG:colcon.colcon_core.event_handler.log_command:Invoking command in '/home/nyf/code/ROS2_workspace/mavROS_test/build/mavROS_test': CMAKE_PREFIX_PATH=${CMAKE_PREFIX_PATH}:/opt/ros/jazzy DEBUGINFOD_URLS=https://debuginfod.ubuntu.com /usr/bin/cmake --build /home/nyf/code/ROS2_workspace/mavROS_test/build/mavROS_test -- -j8 -l8
[0.677s] DEBUG:colcon.colcon_core.event_handler.log_command:Invoked command in '/home/nyf/code/ROS2_workspace/mavROS_test/build/mavROS_test' returned '0': CMAKE_PREFIX_PATH=${CMAKE_PREFIX_PATH}:/opt/ros/jazzy DEBUGINFOD_URLS=https://debuginfod.ubuntu.com /usr/bin/cmake --build /home/nyf/code/ROS2_workspace/mavROS_test/build/mavROS_test -- -j8 -l8
[0.870s] DEBUG:colcon.colcon_core.event_handler.log_command:Invoking command in '/home/nyf/code/ROS2_workspace/mavROS_test/build/mavROS_test': CMAKE_PREFIX_PATH=${CMAKE_PREFIX_PATH}:/opt/ros/jazzy DEBUGINFOD_URLS=https://debuginfod.ubuntu.com /usr/bin/cmake --install /home/nyf/code/ROS2_workspace/mavROS_test/build/mavROS_test
[0.922s] Level 1:colcon.colcon_core.environment:create_environment_scripts_only(mavROS_test)
[0.936s] Level 1:colcon.colcon_core.environment:checking '/home/nyf/code/ROS2_workspace/mavROS_test/install/mavROS_test' for CMake module files
[0.938s] DEBUG:colcon.colcon_core.event_handler.log_command:Invoked command in '/home/nyf/code/ROS2_workspace/mavROS_test/build/mavROS_test' returned '0': CMAKE_PREFIX_PATH=${CMAKE_PREFIX_PATH}:/opt/ros/jazzy DEBUGINFOD_URLS=https://debuginfod.ubuntu.com /usr/bin/cmake --install /home/nyf/code/ROS2_workspace/mavROS_test/build/mavROS_test
[0.939s] Level 1:colcon.colcon_core.environment:checking '/home/nyf/code/ROS2_workspace/mavROS_test/install/mavROS_test' for CMake config files
[0.939s] Level 1:colcon.colcon_core.shell:create_environment_hook('mavROS_test', 'cmake_prefix_path')
[0.940s] INFO:colcon.colcon_core.shell:Creating environment hook '/home/nyf/code/ROS2_workspace/mavROS_test/install/mavROS_test/share/mavROS_test/hook/cmake_prefix_path.ps1'
[0.941s] INFO:colcon.colcon_core.shell:Creating environment descriptor '/home/nyf/code/ROS2_workspace/mavROS_test/install/mavROS_test/share/mavROS_test/hook/cmake_prefix_path.dsv'
[0.941s] INFO:colcon.colcon_core.shell:Creating environment hook '/home/nyf/code/ROS2_workspace/mavROS_test/install/mavROS_test/share/mavROS_test/hook/cmake_prefix_path.sh'
[0.943s] Level 1:colcon.colcon_core.environment:checking '/home/nyf/code/ROS2_workspace/mavROS_test/install/mavROS_test/lib'
[0.943s] Level 1:colcon.colcon_core.environment:checking '/home/nyf/code/ROS2_workspace/mavROS_test/install/mavROS_test/bin'
[0.943s] Level 1:colcon.colcon_core.environment:checking '/home/nyf/code/ROS2_workspace/mavROS_test/install/mavROS_test/lib/pkgconfig/mavROS_test.pc'
[0.943s] Level 1:colcon.colcon_core.environment:checking '/home/nyf/code/ROS2_workspace/mavROS_test/install/mavROS_test/lib/python3.12/site-packages'
[0.944s] Level 1:colcon.colcon_core.environment:checking '/home/nyf/code/ROS2_workspace/mavROS_test/install/mavROS_test/bin'
[0.944s] INFO:colcon.colcon_core.shell:Creating package script '/home/nyf/code/ROS2_workspace/mavROS_test/install/mavROS_test/share/mavROS_test/package.ps1'
[0.945s] INFO:colcon.colcon_core.shell:Creating package descriptor '/home/nyf/code/ROS2_workspace/mavROS_test/install/mavROS_test/share/mavROS_test/package.dsv'
[0.946s] INFO:colcon.colcon_core.shell:Creating package script '/home/nyf/code/ROS2_workspace/mavROS_test/install/mavROS_test/share/mavROS_test/package.sh'
[0.947s] INFO:colcon.colcon_core.shell:Creating package script '/home/nyf/code/ROS2_workspace/mavROS_test/install/mavROS_test/share/mavROS_test/package.bash'
[0.948s] INFO:colcon.colcon_core.shell:Creating package script '/home/nyf/code/ROS2_workspace/mavROS_test/install/mavROS_test/share/mavROS_test/package.zsh'
[0.949s] Level 1:colcon.colcon_core.environment:create_file_with_runtime_dependencies(/home/nyf/code/ROS2_workspace/mavROS_test/install/mavROS_test/share/colcon-core/packages/mavROS_test)
[1.046s] Level 1:colcon.colcon_core.environment:create_environment_scripts_only(mavROS_test)
[1.046s] Level 1:colcon.colcon_core.environment:checking '/home/nyf/code/ROS2_workspace/mavROS_test/install/mavROS_test' for CMake module files
[1.047s] Level 1:colcon.colcon_core.environment:checking '/home/nyf/code/ROS2_workspace/mavROS_test/install/mavROS_test' for CMake config files
[1.048s] Level 1:colcon.colcon_core.shell:create_environment_hook('mavROS_test', 'cmake_prefix_path')
[1.048s] INFO:colcon.colcon_core.shell:Creating environment hook '/home/nyf/code/ROS2_workspace/mavROS_test/install/mavROS_test/share/mavROS_test/hook/cmake_prefix_path.ps1'
[1.049s] INFO:colcon.colcon_core.shell:Creating environment descriptor '/home/nyf/code/ROS2_workspace/mavROS_test/install/mavROS_test/share/mavROS_test/hook/cmake_prefix_path.dsv'
[1.049s] INFO:colcon.colcon_core.shell:Creating environment hook '/home/nyf/code/ROS2_workspace/mavROS_test/install/mavROS_test/share/mavROS_test/hook/cmake_prefix_path.sh'
[1.050s] Level 1:colcon.colcon_core.environment:checking '/home/nyf/code/ROS2_workspace/mavROS_test/install/mavROS_test/lib'
[1.050s] Level 1:colcon.colcon_core.environment:checking '/home/nyf/code/ROS2_workspace/mavROS_test/install/mavROS_test/bin'
[1.050s] Level 1:colcon.colcon_core.environment:checking '/home/nyf/code/ROS2_workspace/mavROS_test/install/mavROS_test/lib/pkgconfig/mavROS_test.pc'
[1.051s] Level 1:colcon.colcon_core.environment:checking '/home/nyf/code/ROS2_workspace/mavROS_test/install/mavROS_test/lib/python3.12/site-packages'
[1.051s] Level 1:colcon.colcon_core.environment:checking '/home/nyf/code/ROS2_workspace/mavROS_test/install/mavROS_test/bin'
[1.051s] INFO:colcon.colcon_core.shell:Creating package script '/home/nyf/code/ROS2_workspace/mavROS_test/install/mavROS_test/share/mavROS_test/package.ps1'
[1.054s] INFO:colcon.colcon_core.shell:Creating package descriptor '/home/nyf/code/ROS2_workspace/mavROS_test/install/mavROS_test/share/mavROS_test/package.dsv'
[1.055s] INFO:colcon.colcon_core.shell:Creating package script '/home/nyf/code/ROS2_workspace/mavROS_test/install/mavROS_test/share/mavROS_test/package.sh'
[1.056s] INFO:colcon.colcon_core.shell:Creating package script '/home/nyf/code/ROS2_workspace/mavROS_test/install/mavROS_test/share/mavROS_test/package.bash'
[1.056s] INFO:colcon.colcon_core.shell:Creating package script '/home/nyf/code/ROS2_workspace/mavROS_test/install/mavROS_test/share/mavROS_test/package.zsh'
[1.057s] Level 1:colcon.colcon_core.environment:create_file_with_runtime_dependencies(/home/nyf/code/ROS2_workspace/mavROS_test/install/mavROS_test/share/colcon-core/packages/mavROS_test)
[1.057s] DEBUG:colcon.colcon_parallel_executor.executor.parallel:closing loop
[1.059s] DEBUG:colcon.colcon_parallel_executor.executor.parallel:loop closed
[1.059s] DEBUG:colcon.colcon_parallel_executor.executor.parallel:run_until_complete finished with '0'
[1.059s] DEBUG:colcon.colcon_core.event_reactor:joining thread
[1.068s] INFO:colcon.colcon_core.plugin_system:Skipping extension 'colcon_notification.desktop_notification.terminal_notifier': Not used on non-Darwin systems
[1.068s] INFO:colcon.colcon_core.plugin_system:Skipping extension 'colcon_notification.desktop_notification.win32': Not used on non-Windows systems
[1.068s] INFO:colcon.colcon_notification.desktop_notification:Sending desktop notification using 'notify2'
[1.143s] DEBUG:colcon.colcon_core.event_reactor:joined thread
[1.145s] INFO:colcon.colcon_core.shell:Creating prefix script '/home/nyf/code/ROS2_workspace/mavROS_test/install/local_setup.ps1'
[1.150s] INFO:colcon.colcon_core.shell:Creating prefix util module '/home/nyf/code/ROS2_workspace/mavROS_test/install/_local_setup_util_ps1.py'
[1.162s] INFO:colcon.colcon_core.shell:Creating prefix chain script '/home/nyf/code/ROS2_workspace/mavROS_test/install/setup.ps1'
[1.168s] INFO:colcon.colcon_core.shell:Creating prefix script '/home/nyf/code/ROS2_workspace/mavROS_test/install/local_setup.sh'
[1.171s] INFO:colcon.colcon_core.shell:Creating prefix util module '/home/nyf/code/ROS2_workspace/mavROS_test/install/_local_setup_util_sh.py'
[1.175s] INFO:colcon.colcon_core.shell:Creating prefix chain script '/home/nyf/code/ROS2_workspace/mavROS_test/install/setup.sh'
[1.181s] INFO:colcon.colcon_core.shell:Creating prefix script '/home/nyf/code/ROS2_workspace/mavROS_test/install/local_setup.bash'
[1.185s] INFO:colcon.colcon_core.shell:Creating prefix chain script '/home/nyf/code/ROS2_workspace/mavROS_test/install/setup.bash'
[1.191s] INFO:colcon.colcon_core.shell:Creating prefix script '/home/nyf/code/ROS2_workspace/mavROS_test/install/local_setup.zsh'
[1.194s] INFO:colcon.colcon_core.shell:Creating prefix chain script '/home/nyf/code/ROS2_workspace/mavROS_test/install/setup.zsh'
