[0.152s] DEBUG:colcon:Command line arguments: ['/usr/bin/colcon', 'build']
[0.152s] DEBUG:colcon:Parsed command line arguments: Namespace(log_base=None, log_level=None, verb_name='build', build_base='build', install_base='install', merge_install=False, symlink_install=False, test_result_base=None, continue_on_error=False, executor='parallel', parallel_workers=8, event_handlers=None, ignore_user_meta=False, metas=['./colcon.meta'], base_paths=['.'], packages_ignore=None, packages_ignore_regex=None, paths=None, packages_up_to=None, packages_up_to_regex=None, packages_above=None, packages_above_and_dependencies=None, packages_above_depth=None, packages_select_by_dep=None, packages_skip_by_dep=None, packages_skip_up_to=None, packages_select_build_failed=False, packages_skip_build_finished=False, packages_select_test_failures=False, packages_skip_test_passed=False, packages_select=None, packages_skip=None, packages_select_regex=None, packages_skip_regex=None, packages_start=None, packages_end=None, allow_overriding=[], cmake_args=None, cmake_target=None, cmake_target_skip_unavailable=False, cmake_clean_cache=False, cmake_clean_first=False, cmake_force_configure=False, ament_cmake_args=None, catkin_cmake_args=None, catkin_skip_building_tests=False, verb_parser=<colcon_defaults.argument_parser.defaults.DefaultArgumentsDecorator object at 0xffffa731b050>, verb_extension=<colcon_core.verb.build.BuildVerb object at 0xffffa731aed0>, main=<bound method BuildVerb.main of <colcon_core.verb.build.BuildVerb object at 0xffffa731aed0>>)
[0.210s] Level 1:colcon.colcon_core.package_discovery:discover_packages(colcon_meta) check parameters
[0.211s] Level 1:colcon.colcon_core.package_discovery:discover_packages(recursive) check parameters
[0.211s] Level 1:colcon.colcon_core.package_discovery:discover_packages(ignore) check parameters
[0.211s] Level 1:colcon.colcon_core.package_discovery:discover_packages(path) check parameters
[0.211s] Level 1:colcon.colcon_core.package_discovery:discover_packages(colcon_meta) discover
[0.211s] Level 1:colcon.colcon_core.package_discovery:discover_packages(recursive) discover
[0.211s] INFO:colcon.colcon_core.package_discovery:Crawling recursively for packages in '/home/nyf/code/ROS2_workspace/hello_world'
[0.211s] Level 1:colcon.colcon_core.package_identification:_identify(.) by extensions ['ignore', 'ignore_ament_install']
[0.211s] Level 1:colcon.colcon_core.package_identification:_identify(.) by extension 'ignore'
[0.211s] Level 1:colcon.colcon_core.package_identification:_identify(.) by extension 'ignore_ament_install'
[0.211s] Level 1:colcon.colcon_core.package_identification:_identify(.) by extensions ['colcon_pkg']
[0.212s] Level 1:colcon.colcon_core.package_identification:_identify(.) by extension 'colcon_pkg'
[0.212s] Level 1:colcon.colcon_core.package_identification:_identify(.) by extensions ['colcon_meta']
[0.212s] Level 1:colcon.colcon_core.package_identification:_identify(.) by extension 'colcon_meta'
[0.212s] Level 1:colcon.colcon_core.package_identification:_identify(.) by extensions ['ros']
[0.212s] Level 1:colcon.colcon_core.package_identification:_identify(.) by extension 'ros'
[0.255s] Level 1:colcon.colcon_core.package_identification:_identify(.) by extensions ['cmake', 'python']
[0.255s] Level 1:colcon.colcon_core.package_identification:_identify(.) by extension 'cmake'
[0.255s] Level 1:colcon.colcon_core.package_identification:_identify(.) by extension 'python'
[0.255s] Level 1:colcon.colcon_core.package_identification:_identify(.) by extensions ['python_setup_py']
[0.255s] Level 1:colcon.colcon_core.package_identification:_identify(.) by extension 'python_setup_py'
[0.255s] Level 1:colcon.colcon_core.package_identification:_identify(build) by extensions ['ignore', 'ignore_ament_install']
[0.255s] Level 1:colcon.colcon_core.package_identification:_identify(build) by extension 'ignore'
[0.256s] Level 1:colcon.colcon_core.package_identification:_identify(build) ignored
[0.256s] Level 1:colcon.colcon_core.package_identification:_identify(install) by extensions ['ignore', 'ignore_ament_install']
[0.256s] Level 1:colcon.colcon_core.package_identification:_identify(install) by extension 'ignore'
[0.256s] Level 1:colcon.colcon_core.package_identification:_identify(install) ignored
[0.256s] Level 1:colcon.colcon_core.package_identification:_identify(log) by extensions ['ignore', 'ignore_ament_install']
[0.256s] Level 1:colcon.colcon_core.package_identification:_identify(log) by extension 'ignore'
[0.256s] Level 1:colcon.colcon_core.package_identification:_identify(log) ignored
[0.256s] Level 1:colcon.colcon_core.package_identification:_identify(src) by extensions ['ignore', 'ignore_ament_install']
[0.257s] Level 1:colcon.colcon_core.package_identification:_identify(src) by extension 'ignore'
[0.257s] Level 1:colcon.colcon_core.package_identification:_identify(src) by extension 'ignore_ament_install'
[0.257s] Level 1:colcon.colcon_core.package_identification:_identify(src) by extensions ['colcon_pkg']
[0.257s] Level 1:colcon.colcon_core.package_identification:_identify(src) by extension 'colcon_pkg'
[0.257s] Level 1:colcon.colcon_core.package_identification:_identify(src) by extensions ['colcon_meta']
[0.257s] Level 1:colcon.colcon_core.package_identification:_identify(src) by extension 'colcon_meta'
[0.257s] Level 1:colcon.colcon_core.package_identification:_identify(src) by extensions ['ros']
[0.257s] Level 1:colcon.colcon_core.package_identification:_identify(src) by extension 'ros'
[0.257s] Level 1:colcon.colcon_core.package_identification:_identify(src) by extensions ['cmake', 'python']
[0.257s] Level 1:colcon.colcon_core.package_identification:_identify(src) by extension 'cmake'
[0.257s] Level 1:colcon.colcon_core.package_identification:_identify(src) by extension 'python'
[0.257s] Level 1:colcon.colcon_core.package_identification:_identify(src) by extensions ['python_setup_py']
[0.257s] Level 1:colcon.colcon_core.package_identification:_identify(src) by extension 'python_setup_py'
[0.257s] Level 1:colcon.colcon_core.package_identification:_identify(src/hello_world_cpp) by extensions ['ignore', 'ignore_ament_install']
[0.257s] Level 1:colcon.colcon_core.package_identification:_identify(src/hello_world_cpp) by extension 'ignore'
[0.258s] Level 1:colcon.colcon_core.package_identification:_identify(src/hello_world_cpp) by extension 'ignore_ament_install'
[0.258s] Level 1:colcon.colcon_core.package_identification:_identify(src/hello_world_cpp) by extensions ['colcon_pkg']
[0.258s] Level 1:colcon.colcon_core.package_identification:_identify(src/hello_world_cpp) by extension 'colcon_pkg'
[0.258s] Level 1:colcon.colcon_core.package_identification:_identify(src/hello_world_cpp) by extensions ['colcon_meta']
[0.258s] Level 1:colcon.colcon_core.package_identification:_identify(src/hello_world_cpp) by extension 'colcon_meta'
[0.258s] Level 1:colcon.colcon_core.package_identification:_identify(src/hello_world_cpp) by extensions ['ros']
[0.258s] Level 1:colcon.colcon_core.package_identification:_identify(src/hello_world_cpp) by extension 'ros'
[0.265s] DEBUG:colcon.colcon_core.package_identification:Package 'src/hello_world_cpp' with type 'ros.ament_cmake' and name 'hello_world_cpp'
[0.266s] Level 1:colcon.colcon_core.package_discovery:discover_packages(recursive) using defaults
[0.266s] Level 1:colcon.colcon_core.package_discovery:discover_packages(ignore) discover
[0.266s] Level 1:colcon.colcon_core.package_discovery:discover_packages(ignore) using defaults
[0.266s] Level 1:colcon.colcon_core.package_discovery:discover_packages(path) discover
[0.266s] Level 1:colcon.colcon_core.package_discovery:discover_packages(path) using defaults
[0.297s] Level 1:colcon.colcon_core.package_discovery:discover_packages(prefix_path) check parameters
[0.297s] Level 1:colcon.colcon_core.package_discovery:discover_packages(prefix_path) discover
[0.300s] DEBUG:colcon.colcon_installed_package_information.package_discovery:Found 1 installed packages in /home/nyf/code/ROS2_workspace/hello_world/install
[0.302s] DEBUG:colcon.colcon_installed_package_information.package_discovery:Found 285 installed packages in /opt/ros/jazzy
[0.304s] Level 1:colcon.colcon_core.package_discovery:discover_packages(prefix_path) using defaults
[0.370s] Level 5:colcon.colcon_core.verb:set package 'hello_world_cpp' build argument 'cmake_args' from command line to 'None'
[0.371s] Level 5:colcon.colcon_core.verb:set package 'hello_world_cpp' build argument 'cmake_target' from command line to 'None'
[0.371s] Level 5:colcon.colcon_core.verb:set package 'hello_world_cpp' build argument 'cmake_target_skip_unavailable' from command line to 'False'
[0.371s] Level 5:colcon.colcon_core.verb:set package 'hello_world_cpp' build argument 'cmake_clean_cache' from command line to 'False'
[0.371s] Level 5:colcon.colcon_core.verb:set package 'hello_world_cpp' build argument 'cmake_clean_first' from command line to 'False'
[0.371s] Level 5:colcon.colcon_core.verb:set package 'hello_world_cpp' build argument 'cmake_force_configure' from command line to 'False'
[0.371s] Level 5:colcon.colcon_core.verb:set package 'hello_world_cpp' build argument 'ament_cmake_args' from command line to 'None'
[0.371s] Level 5:colcon.colcon_core.verb:set package 'hello_world_cpp' build argument 'catkin_cmake_args' from command line to 'None'
[0.371s] Level 5:colcon.colcon_core.verb:set package 'hello_world_cpp' build argument 'catkin_skip_building_tests' from command line to 'False'
[0.371s] DEBUG:colcon.colcon_core.verb:Building package 'hello_world_cpp' with the following arguments: {'ament_cmake_args': None, 'build_base': '/home/nyf/code/ROS2_workspace/hello_world/build/hello_world_cpp', 'catkin_cmake_args': None, 'catkin_skip_building_tests': False, 'cmake_args': None, 'cmake_clean_cache': False, 'cmake_clean_first': False, 'cmake_force_configure': False, 'cmake_target': None, 'cmake_target_skip_unavailable': False, 'install_base': '/home/nyf/code/ROS2_workspace/hello_world/install/hello_world_cpp', 'merge_install': False, 'path': '/home/nyf/code/ROS2_workspace/hello_world/src/hello_world_cpp', 'symlink_install': False, 'test_result_base': None}
[0.371s] INFO:colcon.colcon_core.executor:Executing jobs using 'parallel' executor
[0.373s] DEBUG:colcon.colcon_parallel_executor.executor.parallel:run_until_complete
[0.373s] INFO:colcon.colcon_ros.task.ament_cmake.build:Building ROS package in '/home/nyf/code/ROS2_workspace/hello_world/src/hello_world_cpp' with build type 'ament_cmake'
[0.373s] INFO:colcon.colcon_cmake.task.cmake.build:Building CMake package in '/home/nyf/code/ROS2_workspace/hello_world/src/hello_world_cpp'
[0.377s] INFO:colcon.colcon_core.plugin_system:Skipping extension 'colcon_core.shell.bat': Not used on non-Windows systems
[0.377s] INFO:colcon.colcon_core.shell:Skip shell extension 'powershell' for command environment: Not usable outside of PowerShell
[0.377s] DEBUG:colcon.colcon_core.shell:Skip shell extension 'dsv' for command environment
[0.398s] DEBUG:colcon.colcon_core.event_handler.log_command:Invoking command in '/home/nyf/code/ROS2_workspace/hello_world/build/hello_world_cpp': CMAKE_PREFIX_PATH=${CMAKE_PREFIX_PATH}:/opt/ros/jazzy DEBUGINFOD_URLS=https://debuginfod.ubuntu.com /usr/bin/cmake --build /home/nyf/code/ROS2_workspace/hello_world/build/hello_world_cpp -- -j8 -l8
[7.353s] DEBUG:colcon.colcon_core.event_handler.log_command:Invoked command in '/home/nyf/code/ROS2_workspace/hello_world/build/hello_world_cpp' returned '0': CMAKE_PREFIX_PATH=${CMAKE_PREFIX_PATH}:/opt/ros/jazzy DEBUGINFOD_URLS=https://debuginfod.ubuntu.com /usr/bin/cmake --build /home/nyf/code/ROS2_workspace/hello_world/build/hello_world_cpp -- -j8 -l8
[7.475s] DEBUG:colcon.colcon_core.event_handler.log_command:Invoking command in '/home/nyf/code/ROS2_workspace/hello_world/build/hello_world_cpp': CMAKE_PREFIX_PATH=${CMAKE_PREFIX_PATH}:/opt/ros/jazzy DEBUGINFOD_URLS=https://debuginfod.ubuntu.com /usr/bin/cmake --install /home/nyf/code/ROS2_workspace/hello_world/build/hello_world_cpp
[7.524s] Level 1:colcon.colcon_core.environment:create_environment_scripts_only(hello_world_cpp)
[7.526s] DEBUG:colcon.colcon_core.event_handler.log_command:Invoked command in '/home/nyf/code/ROS2_workspace/hello_world/build/hello_world_cpp' returned '0': CMAKE_PREFIX_PATH=${CMAKE_PREFIX_PATH}:/opt/ros/jazzy DEBUGINFOD_URLS=https://debuginfod.ubuntu.com /usr/bin/cmake --install /home/nyf/code/ROS2_workspace/hello_world/build/hello_world_cpp
[7.536s] Level 1:colcon.colcon_core.environment:checking '/home/nyf/code/ROS2_workspace/hello_world/install/hello_world_cpp' for CMake module files
[7.539s] Level 1:colcon.colcon_core.environment:checking '/home/nyf/code/ROS2_workspace/hello_world/install/hello_world_cpp' for CMake config files
[7.541s] Level 1:colcon.colcon_core.shell:create_environment_hook('hello_world_cpp', 'cmake_prefix_path')
[7.542s] INFO:colcon.colcon_core.shell:Creating environment hook '/home/nyf/code/ROS2_workspace/hello_world/install/hello_world_cpp/share/hello_world_cpp/hook/cmake_prefix_path.ps1'
[7.545s] INFO:colcon.colcon_core.shell:Creating environment descriptor '/home/nyf/code/ROS2_workspace/hello_world/install/hello_world_cpp/share/hello_world_cpp/hook/cmake_prefix_path.dsv'
[7.547s] INFO:colcon.colcon_core.shell:Creating environment hook '/home/nyf/code/ROS2_workspace/hello_world/install/hello_world_cpp/share/hello_world_cpp/hook/cmake_prefix_path.sh'
[7.551s] Level 1:colcon.colcon_core.environment:checking '/home/nyf/code/ROS2_workspace/hello_world/install/hello_world_cpp/lib'
[7.552s] Level 1:colcon.colcon_core.environment:checking '/home/nyf/code/ROS2_workspace/hello_world/install/hello_world_cpp/bin'
[7.553s] Level 1:colcon.colcon_core.environment:checking '/home/nyf/code/ROS2_workspace/hello_world/install/hello_world_cpp/lib/pkgconfig/hello_world_cpp.pc'
[7.555s] Level 1:colcon.colcon_core.environment:checking '/home/nyf/code/ROS2_workspace/hello_world/install/hello_world_cpp/lib/python3.12/site-packages'
[7.556s] Level 1:colcon.colcon_core.environment:checking '/home/nyf/code/ROS2_workspace/hello_world/install/hello_world_cpp/bin'
[7.558s] INFO:colcon.colcon_core.shell:Creating package script '/home/nyf/code/ROS2_workspace/hello_world/install/hello_world_cpp/share/hello_world_cpp/package.ps1'
[7.563s] INFO:colcon.colcon_core.shell:Creating package descriptor '/home/nyf/code/ROS2_workspace/hello_world/install/hello_world_cpp/share/hello_world_cpp/package.dsv'
[7.566s] INFO:colcon.colcon_core.shell:Creating package script '/home/nyf/code/ROS2_workspace/hello_world/install/hello_world_cpp/share/hello_world_cpp/package.sh'
[7.569s] INFO:colcon.colcon_core.shell:Creating package script '/home/nyf/code/ROS2_workspace/hello_world/install/hello_world_cpp/share/hello_world_cpp/package.bash'
[7.573s] INFO:colcon.colcon_core.shell:Creating package script '/home/nyf/code/ROS2_workspace/hello_world/install/hello_world_cpp/share/hello_world_cpp/package.zsh'
[7.576s] Level 1:colcon.colcon_core.environment:create_file_with_runtime_dependencies(/home/nyf/code/ROS2_workspace/hello_world/install/hello_world_cpp/share/colcon-core/packages/hello_world_cpp)
[7.667s] Level 1:colcon.colcon_core.environment:create_environment_scripts_only(hello_world_cpp)
[7.667s] Level 1:colcon.colcon_core.environment:checking '/home/nyf/code/ROS2_workspace/hello_world/install/hello_world_cpp' for CMake module files
[7.668s] Level 1:colcon.colcon_core.environment:checking '/home/nyf/code/ROS2_workspace/hello_world/install/hello_world_cpp' for CMake config files
[7.668s] Level 1:colcon.colcon_core.shell:create_environment_hook('hello_world_cpp', 'cmake_prefix_path')
[7.669s] INFO:colcon.colcon_core.shell:Creating environment hook '/home/nyf/code/ROS2_workspace/hello_world/install/hello_world_cpp/share/hello_world_cpp/hook/cmake_prefix_path.ps1'
[7.670s] INFO:colcon.colcon_core.shell:Creating environment descriptor '/home/nyf/code/ROS2_workspace/hello_world/install/hello_world_cpp/share/hello_world_cpp/hook/cmake_prefix_path.dsv'
[7.670s] INFO:colcon.colcon_core.shell:Creating environment hook '/home/nyf/code/ROS2_workspace/hello_world/install/hello_world_cpp/share/hello_world_cpp/hook/cmake_prefix_path.sh'
[7.672s] Level 1:colcon.colcon_core.environment:checking '/home/nyf/code/ROS2_workspace/hello_world/install/hello_world_cpp/lib'
[7.672s] Level 1:colcon.colcon_core.environment:checking '/home/nyf/code/ROS2_workspace/hello_world/install/hello_world_cpp/bin'
[7.672s] Level 1:colcon.colcon_core.environment:checking '/home/nyf/code/ROS2_workspace/hello_world/install/hello_world_cpp/lib/pkgconfig/hello_world_cpp.pc'
[7.672s] Level 1:colcon.colcon_core.environment:checking '/home/nyf/code/ROS2_workspace/hello_world/install/hello_world_cpp/lib/python3.12/site-packages'
[7.672s] Level 1:colcon.colcon_core.environment:checking '/home/nyf/code/ROS2_workspace/hello_world/install/hello_world_cpp/bin'
[7.673s] INFO:colcon.colcon_core.shell:Creating package script '/home/nyf/code/ROS2_workspace/hello_world/install/hello_world_cpp/share/hello_world_cpp/package.ps1'
[7.674s] INFO:colcon.colcon_core.shell:Creating package descriptor '/home/nyf/code/ROS2_workspace/hello_world/install/hello_world_cpp/share/hello_world_cpp/package.dsv'
[7.675s] INFO:colcon.colcon_core.shell:Creating package script '/home/nyf/code/ROS2_workspace/hello_world/install/hello_world_cpp/share/hello_world_cpp/package.sh'
[7.676s] INFO:colcon.colcon_core.shell:Creating package script '/home/nyf/code/ROS2_workspace/hello_world/install/hello_world_cpp/share/hello_world_cpp/package.bash'
[7.677s] INFO:colcon.colcon_core.shell:Creating package script '/home/nyf/code/ROS2_workspace/hello_world/install/hello_world_cpp/share/hello_world_cpp/package.zsh'
[7.677s] Level 1:colcon.colcon_core.environment:create_file_with_runtime_dependencies(/home/nyf/code/ROS2_workspace/hello_world/install/hello_world_cpp/share/colcon-core/packages/hello_world_cpp)
[7.678s] DEBUG:colcon.colcon_parallel_executor.executor.parallel:closing loop
[7.678s] DEBUG:colcon.colcon_parallel_executor.executor.parallel:loop closed
[7.679s] DEBUG:colcon.colcon_parallel_executor.executor.parallel:run_until_complete finished with '0'
[7.679s] DEBUG:colcon.colcon_core.event_reactor:joining thread
[7.702s] INFO:colcon.colcon_core.plugin_system:Skipping extension 'colcon_notification.desktop_notification.terminal_notifier': Not used on non-Darwin systems
[7.703s] INFO:colcon.colcon_core.plugin_system:Skipping extension 'colcon_notification.desktop_notification.win32': Not used on non-Windows systems
[7.703s] INFO:colcon.colcon_notification.desktop_notification:Sending desktop notification using 'notify2'
[7.762s] DEBUG:colcon.colcon_core.event_reactor:joined thread
[7.763s] INFO:colcon.colcon_core.shell:Creating prefix script '/home/nyf/code/ROS2_workspace/hello_world/install/local_setup.ps1'
[7.764s] INFO:colcon.colcon_core.shell:Creating prefix util module '/home/nyf/code/ROS2_workspace/hello_world/install/_local_setup_util_ps1.py'
[7.766s] INFO:colcon.colcon_core.shell:Creating prefix chain script '/home/nyf/code/ROS2_workspace/hello_world/install/setup.ps1'
[7.769s] INFO:colcon.colcon_core.shell:Creating prefix script '/home/nyf/code/ROS2_workspace/hello_world/install/local_setup.sh'
[7.770s] INFO:colcon.colcon_core.shell:Creating prefix util module '/home/nyf/code/ROS2_workspace/hello_world/install/_local_setup_util_sh.py'
[7.771s] INFO:colcon.colcon_core.shell:Creating prefix chain script '/home/nyf/code/ROS2_workspace/hello_world/install/setup.sh'
[7.773s] INFO:colcon.colcon_core.shell:Creating prefix script '/home/nyf/code/ROS2_workspace/hello_world/install/local_setup.bash'
[7.774s] INFO:colcon.colcon_core.shell:Creating prefix chain script '/home/nyf/code/ROS2_workspace/hello_world/install/setup.bash'
[7.776s] INFO:colcon.colcon_core.shell:Creating prefix script '/home/nyf/code/ROS2_workspace/hello_world/install/local_setup.zsh'
[7.776s] INFO:colcon.colcon_core.shell:Creating prefix chain script '/home/nyf/code/ROS2_workspace/hello_world/install/setup.zsh'
