[1.450s] DEBUG:colcon:Command line arguments: ['/usr/bin/colcon', 'build']
[1.451s] DEBUG:colcon:Parsed command line arguments: Namespace(log_base=None, log_level=None, verb_name='build', build_base='build', install_base='install', merge_install=False, symlink_install=False, test_result_base=None, continue_on_error=False, executor='parallel', parallel_workers=8, event_handlers=None, ignore_user_meta=False, metas=['./colcon.meta'], base_paths=['.'], packages_ignore=None, packages_ignore_regex=None, paths=None, packages_up_to=None, packages_up_to_regex=None, packages_above=None, packages_above_and_dependencies=None, packages_above_depth=None, packages_select_by_dep=None, packages_skip_by_dep=None, packages_skip_up_to=None, packages_select_build_failed=False, packages_skip_build_finished=False, packages_select_test_failures=False, packages_skip_test_passed=False, packages_select=None, packages_skip=None, packages_select_regex=None, packages_skip_regex=None, packages_start=None, packages_end=None, cmake_args=None, cmake_target=None, cmake_target_skip_unavailable=False, cmake_clean_cache=False, cmake_clean_first=False, cmake_force_configure=False, ament_cmake_args=None, catkin_cmake_args=None, catkin_skip_building_tests=False, verb_parser=<colcon_defaults.argument_parser.defaults.DefaultArgumentsDecorator object at 0xffff94db2750>, verb_extension=<colcon_core.verb.build.BuildVerb object at 0xffff94db2300>, main=<bound method BuildVerb.main of <colcon_core.verb.build.BuildVerb object at 0xffff94db2300>>)
[1.846s] Level 1:colcon.colcon_core.package_discovery:discover_packages(colcon_meta) check parameters
[1.846s] Level 1:colcon.colcon_core.package_discovery:discover_packages(recursive) check parameters
[1.846s] Level 1:colcon.colcon_core.package_discovery:discover_packages(ignore) check parameters
[1.846s] Level 1:colcon.colcon_core.package_discovery:discover_packages(path) check parameters
[1.846s] Level 1:colcon.colcon_core.package_discovery:discover_packages(colcon_meta) discover
[1.847s] Level 1:colcon.colcon_core.package_discovery:discover_packages(recursive) discover
[1.847s] INFO:colcon.colcon_core.package_discovery:Crawling recursively for packages in '/home/nyf/Code/Opi-VIO-FPV'
[1.847s] Level 1:colcon.colcon_core.package_identification:_identify(.) by extensions ['ignore', 'ignore_ament_install']
[1.847s] Level 1:colcon.colcon_core.package_identification:_identify(.) by extension 'ignore'
[1.847s] Level 1:colcon.colcon_core.package_identification:_identify(.) by extension 'ignore_ament_install'
[1.848s] Level 1:colcon.colcon_core.package_identification:_identify(.) by extensions ['colcon_pkg']
[1.848s] Level 1:colcon.colcon_core.package_identification:_identify(.) by extension 'colcon_pkg'
[1.848s] Level 1:colcon.colcon_core.package_identification:_identify(.) by extensions ['colcon_meta']
[1.848s] Level 1:colcon.colcon_core.package_identification:_identify(.) by extension 'colcon_meta'
[1.848s] Level 1:colcon.colcon_core.package_identification:_identify(.) by extensions ['ros']
[1.848s] Level 1:colcon.colcon_core.package_identification:_identify(.) by extension 'ros'
[1.890s] Level 1:colcon.colcon_core.package_identification:_identify(.) by extensions ['cmake', 'python']
[1.891s] Level 1:colcon.colcon_core.package_identification:_identify(.) by extension 'cmake'
[1.891s] Level 1:colcon.colcon_core.package_identification:_identify(.) by extension 'python'
[1.891s] Level 1:colcon.colcon_core.package_identification:_identify(.) by extensions ['python_setup_py']
[1.891s] Level 1:colcon.colcon_core.package_identification:_identify(.) by extension 'python_setup_py'
[1.891s] Level 1:colcon.colcon_core.package_identification:_identify(build) by extensions ['ignore', 'ignore_ament_install']
[1.891s] Level 1:colcon.colcon_core.package_identification:_identify(build) by extension 'ignore'
[1.891s] Level 1:colcon.colcon_core.package_identification:_identify(build) ignored
[1.892s] Level 1:colcon.colcon_core.package_identification:_identify(install) by extensions ['ignore', 'ignore_ament_install']
[1.892s] Level 1:colcon.colcon_core.package_identification:_identify(install) by extension 'ignore'
[1.892s] Level 1:colcon.colcon_core.package_identification:_identify(install) ignored
[1.892s] Level 1:colcon.colcon_core.package_identification:_identify(log) by extensions ['ignore', 'ignore_ament_install']
[1.892s] Level 1:colcon.colcon_core.package_identification:_identify(log) by extension 'ignore'
[1.892s] Level 1:colcon.colcon_core.package_identification:_identify(log) ignored
[1.892s] Level 1:colcon.colcon_core.package_identification:_identify(src) by extensions ['ignore', 'ignore_ament_install']
[1.892s] Level 1:colcon.colcon_core.package_identification:_identify(src) by extension 'ignore'
[1.892s] Level 1:colcon.colcon_core.package_identification:_identify(src) by extension 'ignore_ament_install'
[1.892s] Level 1:colcon.colcon_core.package_identification:_identify(src) by extensions ['colcon_pkg']
[1.892s] Level 1:colcon.colcon_core.package_identification:_identify(src) by extension 'colcon_pkg'
[1.892s] Level 1:colcon.colcon_core.package_identification:_identify(src) by extensions ['colcon_meta']
[1.893s] Level 1:colcon.colcon_core.package_identification:_identify(src) by extension 'colcon_meta'
[1.893s] Level 1:colcon.colcon_core.package_identification:_identify(src) by extensions ['ros']
[1.893s] Level 1:colcon.colcon_core.package_identification:_identify(src) by extension 'ros'
[1.893s] Level 1:colcon.colcon_core.package_identification:_identify(src) by extensions ['cmake', 'python']
[1.893s] Level 1:colcon.colcon_core.package_identification:_identify(src) by extension 'cmake'
[1.893s] Level 1:colcon.colcon_core.package_identification:_identify(src) by extension 'python'
[1.893s] Level 1:colcon.colcon_core.package_identification:_identify(src) by extensions ['python_setup_py']
[1.893s] Level 1:colcon.colcon_core.package_identification:_identify(src) by extension 'python_setup_py'
[1.893s] Level 1:colcon.colcon_core.package_identification:_identify(src/mavROS_test) by extensions ['ignore', 'ignore_ament_install']
[1.893s] Level 1:colcon.colcon_core.package_identification:_identify(src/mavROS_test) by extension 'ignore'
[1.893s] Level 1:colcon.colcon_core.package_identification:_identify(src/mavROS_test) by extension 'ignore_ament_install'
[1.893s] Level 1:colcon.colcon_core.package_identification:_identify(src/mavROS_test) by extensions ['colcon_pkg']
[1.893s] Level 1:colcon.colcon_core.package_identification:_identify(src/mavROS_test) by extension 'colcon_pkg'
[1.893s] Level 1:colcon.colcon_core.package_identification:_identify(src/mavROS_test) by extensions ['colcon_meta']
[1.893s] Level 1:colcon.colcon_core.package_identification:_identify(src/mavROS_test) by extension 'colcon_meta'
[1.893s] Level 1:colcon.colcon_core.package_identification:_identify(src/mavROS_test) by extensions ['ros']
[1.893s] Level 1:colcon.colcon_core.package_identification:_identify(src/mavROS_test) by extension 'ros'
[1.897s] DEBUG:colcon.colcon_core.package_identification:Package 'src/mavROS_test' with type 'ros.ament_cmake' and name 'mavROS_test'
[1.897s] Level 1:colcon.colcon_core.package_discovery:discover_packages(recursive) using defaults
[1.898s] Level 1:colcon.colcon_core.package_discovery:discover_packages(ignore) discover
[1.898s] Level 1:colcon.colcon_core.package_discovery:discover_packages(ignore) using defaults
[1.898s] Level 1:colcon.colcon_core.package_discovery:discover_packages(path) discover
[1.898s] Level 1:colcon.colcon_core.package_discovery:discover_packages(path) using defaults
[1.995s] Level 5:colcon.colcon_core.verb:set package 'mavROS_test' build argument 'cmake_args' from command line to 'None'
[1.995s] Level 5:colcon.colcon_core.verb:set package 'mavROS_test' build argument 'cmake_target' from command line to 'None'
[1.995s] Level 5:colcon.colcon_core.verb:set package 'mavROS_test' build argument 'cmake_target_skip_unavailable' from command line to 'False'
[1.996s] Level 5:colcon.colcon_core.verb:set package 'mavROS_test' build argument 'cmake_clean_cache' from command line to 'False'
[1.996s] Level 5:colcon.colcon_core.verb:set package 'mavROS_test' build argument 'cmake_clean_first' from command line to 'False'
[1.996s] Level 5:colcon.colcon_core.verb:set package 'mavROS_test' build argument 'cmake_force_configure' from command line to 'False'
[1.996s] Level 5:colcon.colcon_core.verb:set package 'mavROS_test' build argument 'ament_cmake_args' from command line to 'None'
[1.996s] Level 5:colcon.colcon_core.verb:set package 'mavROS_test' build argument 'catkin_cmake_args' from command line to 'None'
[1.996s] Level 5:colcon.colcon_core.verb:set package 'mavROS_test' build argument 'catkin_skip_building_tests' from command line to 'False'
[1.996s] DEBUG:colcon.colcon_core.verb:Building package 'mavROS_test' with the following arguments: {'ament_cmake_args': None, 'build_base': '/home/nyf/Code/Opi-VIO-FPV/build/mavROS_test', 'catkin_cmake_args': None, 'catkin_skip_building_tests': False, 'cmake_args': None, 'cmake_clean_cache': False, 'cmake_clean_first': False, 'cmake_force_configure': False, 'cmake_target': None, 'cmake_target_skip_unavailable': False, 'install_base': '/home/nyf/Code/Opi-VIO-FPV/install/mavROS_test', 'merge_install': False, 'path': '/home/nyf/Code/Opi-VIO-FPV/src/mavROS_test', 'symlink_install': False, 'test_result_base': None}
[1.996s] INFO:colcon.colcon_core.executor:Executing jobs using 'parallel' executor
[1.998s] DEBUG:colcon.colcon_parallel_executor.executor.parallel:run_until_complete
[1.998s] INFO:colcon.colcon_ros.task.ament_cmake.build:Building ROS package in '/home/nyf/Code/Opi-VIO-FPV/src/mavROS_test' with build type 'ament_cmake'
[1.998s] INFO:colcon.colcon_cmake.task.cmake.build:Building CMake package in '/home/nyf/Code/Opi-VIO-FPV/src/mavROS_test'
[2.052s] INFO:colcon.colcon_core.plugin_system:Skipping extension 'colcon_core.shell.bat': Not used on non-Windows systems
[2.052s] DEBUG:colcon.colcon_core.shell:Skip shell extension 'dsv' for command environment
[2.112s] DEBUG:colcon.colcon_core.event_handler.log_command:Invoking command in '/home/nyf/Code/Opi-VIO-FPV/build/mavROS_test': CMAKE_PREFIX_PATH=${CMAKE_PREFIX_PATH}:/opt/ros/jazzy DEBUGINFOD_URLS=https://debuginfod.ubuntu.com /usr/bin/cmake --build /home/nyf/Code/Opi-VIO-FPV/build/mavROS_test -- -j8 -l8
[14.932s] DEBUG:colcon.colcon_core.event_handler.log_command:Invoked command in '/home/nyf/Code/Opi-VIO-FPV/build/mavROS_test' returned '0': CMAKE_PREFIX_PATH=${CMAKE_PREFIX_PATH}:/opt/ros/jazzy DEBUGINFOD_URLS=https://debuginfod.ubuntu.com /usr/bin/cmake --build /home/nyf/Code/Opi-VIO-FPV/build/mavROS_test -- -j8 -l8
[15.033s] DEBUG:colcon.colcon_core.event_handler.log_command:Invoking command in '/home/nyf/Code/Opi-VIO-FPV/build/mavROS_test': CMAKE_PREFIX_PATH=${CMAKE_PREFIX_PATH}:/opt/ros/jazzy DEBUGINFOD_URLS=https://debuginfod.ubuntu.com /usr/bin/cmake --install /home/nyf/Code/Opi-VIO-FPV/build/mavROS_test
[15.056s] Level 1:colcon.colcon_core.environment:create_environment_scripts_only(mavROS_test)
[15.057s] DEBUG:colcon.colcon_core.event_handler.log_command:Invoked command in '/home/nyf/Code/Opi-VIO-FPV/build/mavROS_test' returned '0': CMAKE_PREFIX_PATH=${CMAKE_PREFIX_PATH}:/opt/ros/jazzy DEBUGINFOD_URLS=https://debuginfod.ubuntu.com /usr/bin/cmake --install /home/nyf/Code/Opi-VIO-FPV/build/mavROS_test
[15.073s] Level 1:colcon.colcon_core.environment:checking '/home/nyf/Code/Opi-VIO-FPV/install/mavROS_test' for CMake module files
[15.077s] Level 1:colcon.colcon_core.environment:checking '/home/nyf/Code/Opi-VIO-FPV/install/mavROS_test' for CMake config files
[15.078s] Level 1:colcon.colcon_core.shell:create_environment_hook('mavROS_test', 'cmake_prefix_path')
[15.079s] INFO:colcon.colcon_core.shell:Creating environment descriptor '/home/nyf/Code/Opi-VIO-FPV/install/mavROS_test/share/mavROS_test/hook/cmake_prefix_path.dsv'
[15.082s] INFO:colcon.colcon_core.shell:Creating environment hook '/home/nyf/Code/Opi-VIO-FPV/install/mavROS_test/share/mavROS_test/hook/cmake_prefix_path.sh'
[15.086s] Level 1:colcon.colcon_core.environment:checking '/home/nyf/Code/Opi-VIO-FPV/install/mavROS_test/lib'
[15.087s] Level 1:colcon.colcon_core.environment:checking '/home/nyf/Code/Opi-VIO-FPV/install/mavROS_test/bin'
[15.087s] Level 1:colcon.colcon_core.environment:checking '/home/nyf/Code/Opi-VIO-FPV/install/mavROS_test/lib/pkgconfig/mavROS_test.pc'
[15.097s] Level 1:colcon.colcon_core.environment:checking '/home/nyf/Code/Opi-VIO-FPV/install/mavROS_test/lib/python3.12/site-packages'
[15.098s] Level 1:colcon.colcon_core.environment:checking '/home/nyf/Code/Opi-VIO-FPV/install/mavROS_test/bin'
[15.099s] INFO:colcon.colcon_core.shell:Creating package descriptor '/home/nyf/Code/Opi-VIO-FPV/install/mavROS_test/share/mavROS_test/package.dsv'
[15.103s] INFO:colcon.colcon_core.shell:Creating package script '/home/nyf/Code/Opi-VIO-FPV/install/mavROS_test/share/mavROS_test/package.sh'
[15.107s] INFO:colcon.colcon_core.shell:Creating package script '/home/nyf/Code/Opi-VIO-FPV/install/mavROS_test/share/mavROS_test/package.bash'
[15.111s] INFO:colcon.colcon_core.shell:Creating package script '/home/nyf/Code/Opi-VIO-FPV/install/mavROS_test/share/mavROS_test/package.zsh'
[15.114s] Level 1:colcon.colcon_core.environment:create_file_with_runtime_dependencies(/home/nyf/Code/Opi-VIO-FPV/install/mavROS_test/share/colcon-core/packages/mavROS_test)
[15.175s] Level 1:colcon.colcon_core.environment:create_environment_scripts_only(mavROS_test)
[15.191s] Level 1:colcon.colcon_core.environment:checking '/home/nyf/Code/Opi-VIO-FPV/install/mavROS_test' for CMake module files
[15.194s] Level 1:colcon.colcon_core.environment:checking '/home/nyf/Code/Opi-VIO-FPV/install/mavROS_test' for CMake config files
[15.195s] Level 1:colcon.colcon_core.shell:create_environment_hook('mavROS_test', 'cmake_prefix_path')
[15.196s] INFO:colcon.colcon_core.shell:Creating environment descriptor '/home/nyf/Code/Opi-VIO-FPV/install/mavROS_test/share/mavROS_test/hook/cmake_prefix_path.dsv'
[15.197s] INFO:colcon.colcon_core.shell:Creating environment hook '/home/nyf/Code/Opi-VIO-FPV/install/mavROS_test/share/mavROS_test/hook/cmake_prefix_path.sh'
[15.200s] Level 1:colcon.colcon_core.environment:checking '/home/nyf/Code/Opi-VIO-FPV/install/mavROS_test/lib'
[15.201s] Level 1:colcon.colcon_core.environment:checking '/home/nyf/Code/Opi-VIO-FPV/install/mavROS_test/bin'
[15.201s] Level 1:colcon.colcon_core.environment:checking '/home/nyf/Code/Opi-VIO-FPV/install/mavROS_test/lib/pkgconfig/mavROS_test.pc'
[15.202s] Level 1:colcon.colcon_core.environment:checking '/home/nyf/Code/Opi-VIO-FPV/install/mavROS_test/lib/python3.12/site-packages'
[15.203s] Level 1:colcon.colcon_core.environment:checking '/home/nyf/Code/Opi-VIO-FPV/install/mavROS_test/bin'
[15.204s] INFO:colcon.colcon_core.shell:Creating package descriptor '/home/nyf/Code/Opi-VIO-FPV/install/mavROS_test/share/mavROS_test/package.dsv'
[15.206s] INFO:colcon.colcon_core.shell:Creating package script '/home/nyf/Code/Opi-VIO-FPV/install/mavROS_test/share/mavROS_test/package.sh'
[15.208s] INFO:colcon.colcon_core.shell:Creating package script '/home/nyf/Code/Opi-VIO-FPV/install/mavROS_test/share/mavROS_test/package.bash'
[15.210s] INFO:colcon.colcon_core.shell:Creating package script '/home/nyf/Code/Opi-VIO-FPV/install/mavROS_test/share/mavROS_test/package.zsh'
[15.212s] Level 1:colcon.colcon_core.environment:create_file_with_runtime_dependencies(/home/nyf/Code/Opi-VIO-FPV/install/mavROS_test/share/colcon-core/packages/mavROS_test)
[15.214s] DEBUG:colcon.colcon_parallel_executor.executor.parallel:closing loop
[15.215s] DEBUG:colcon.colcon_parallel_executor.executor.parallel:loop closed
[15.215s] DEBUG:colcon.colcon_parallel_executor.executor.parallel:run_until_complete finished with '0'
[15.216s] DEBUG:colcon.colcon_core.event_reactor:joining thread
[15.270s] INFO:colcon.colcon_core.plugin_system:Skipping extension 'colcon_notification.desktop_notification.terminal_notifier': Not used on non-Darwin systems
[15.271s] INFO:colcon.colcon_core.plugin_system:Skipping extension 'colcon_notification.desktop_notification.win32': Not used on non-Windows systems
[15.271s] INFO:colcon.colcon_notification.desktop_notification:Sending desktop notification using 'notify2'
[15.321s] DEBUG:colcon.colcon_core.event_reactor:joined thread
[15.322s] INFO:colcon.colcon_core.shell:Creating prefix script '/home/nyf/Code/Opi-VIO-FPV/install/local_setup.sh'
[15.326s] INFO:colcon.colcon_core.shell:Creating prefix util module '/home/nyf/Code/Opi-VIO-FPV/install/_local_setup_util_sh.py'
[15.334s] INFO:colcon.colcon_core.shell:Creating prefix chain script '/home/nyf/Code/Opi-VIO-FPV/install/setup.sh'
[15.346s] INFO:colcon.colcon_core.shell:Creating prefix script '/home/nyf/Code/Opi-VIO-FPV/install/local_setup.bash'
[15.360s] INFO:colcon.colcon_core.shell:Creating prefix chain script '/home/nyf/Code/Opi-VIO-FPV/install/setup.bash'
[15.386s] INFO:colcon.colcon_core.shell:Creating prefix script '/home/nyf/Code/Opi-VIO-FPV/install/local_setup.zsh'
[15.391s] INFO:colcon.colcon_core.shell:Creating prefix chain script '/home/nyf/Code/Opi-VIO-FPV/install/setup.zsh'
