[0.148s] DEBUG:colcon:Command line arguments: ['/usr/bin/colcon', 'build']
[0.148s] DEBUG:colcon:Parsed command line arguments: Namespace(log_base=None, log_level=None, verb_name='build', build_base='build', install_base='install', merge_install=False, symlink_install=False, test_result_base=None, continue_on_error=False, executor='parallel', parallel_workers=8, event_handlers=None, ignore_user_meta=False, metas=['./colcon.meta'], base_paths=['.'], packages_ignore=None, packages_ignore_regex=None, paths=None, packages_up_to=None, packages_up_to_regex=None, packages_above=None, packages_above_and_dependencies=None, packages_above_depth=None, packages_select_by_dep=None, packages_skip_by_dep=None, packages_skip_up_to=None, packages_select_build_failed=False, packages_skip_build_finished=False, packages_select_test_failures=False, packages_skip_test_passed=False, packages_select=None, packages_skip=None, packages_select_regex=None, packages_skip_regex=None, packages_start=None, packages_end=None, allow_overriding=[], cmake_args=None, cmake_target=None, cmake_target_skip_unavailable=False, cmake_clean_cache=False, cmake_clean_first=False, cmake_force_configure=False, ament_cmake_args=None, catkin_cmake_args=None, catkin_skip_building_tests=False, verb_parser=<colcon_defaults.argument_parser.defaults.DefaultArgumentsDecorator object at 0xffffa4bc75c0>, verb_extension=<colcon_core.verb.build.BuildVerb object at 0xffffa4bc7290>, main=<bound method BuildVerb.main of <colcon_core.verb.build.BuildVerb object at 0xffffa4bc7290>>)
[0.201s] Level 1:colcon.colcon_core.package_discovery:discover_packages(colcon_meta) check parameters
[0.201s] Level 1:colcon.colcon_core.package_discovery:discover_packages(recursive) check parameters
[0.201s] Level 1:colcon.colcon_core.package_discovery:discover_packages(ignore) check parameters
[0.201s] Level 1:colcon.colcon_core.package_discovery:discover_packages(path) check parameters
[0.201s] Level 1:colcon.colcon_core.package_discovery:discover_packages(colcon_meta) discover
[0.202s] Level 1:colcon.colcon_core.package_discovery:discover_packages(recursive) discover
[0.202s] INFO:colcon.colcon_core.package_discovery:Crawling recursively for packages in '/home/nyf/code/ROS2_workspace/mavROS_test'
[0.202s] Level 1:colcon.colcon_core.package_identification:_identify(.) by extensions ['ignore', 'ignore_ament_install']
[0.202s] Level 1:colcon.colcon_core.package_identification:_identify(.) by extension 'ignore'
[0.202s] Level 1:colcon.colcon_core.package_identification:_identify(.) by extension 'ignore_ament_install'
[0.202s] Level 1:colcon.colcon_core.package_identification:_identify(.) by extensions ['colcon_pkg']
[0.202s] Level 1:colcon.colcon_core.package_identification:_identify(.) by extension 'colcon_pkg'
[0.202s] Level 1:colcon.colcon_core.package_identification:_identify(.) by extensions ['colcon_meta']
[0.202s] Level 1:colcon.colcon_core.package_identification:_identify(.) by extension 'colcon_meta'
[0.202s] Level 1:colcon.colcon_core.package_identification:_identify(.) by extensions ['ros']
[0.202s] Level 1:colcon.colcon_core.package_identification:_identify(.) by extension 'ros'
[0.240s] Level 1:colcon.colcon_core.package_identification:_identify(.) by extensions ['cmake', 'python']
[0.241s] Level 1:colcon.colcon_core.package_identification:_identify(.) by extension 'cmake'
[0.241s] Level 1:colcon.colcon_core.package_identification:_identify(.) by extension 'python'
[0.241s] Level 1:colcon.colcon_core.package_identification:_identify(.) by extensions ['python_setup_py']
[0.241s] Level 1:colcon.colcon_core.package_identification:_identify(.) by extension 'python_setup_py'
[0.241s] Level 1:colcon.colcon_core.package_identification:_identify(build) by extensions ['ignore', 'ignore_ament_install']
[0.241s] Level 1:colcon.colcon_core.package_identification:_identify(build) by extension 'ignore'
[0.241s] Level 1:colcon.colcon_core.package_identification:_identify(build) ignored
[0.242s] Level 1:colcon.colcon_core.package_identification:_identify(install) by extensions ['ignore', 'ignore_ament_install']
[0.242s] Level 1:colcon.colcon_core.package_identification:_identify(install) by extension 'ignore'
[0.242s] Level 1:colcon.colcon_core.package_identification:_identify(install) ignored
[0.242s] Level 1:colcon.colcon_core.package_identification:_identify(log) by extensions ['ignore', 'ignore_ament_install']
[0.242s] Level 1:colcon.colcon_core.package_identification:_identify(log) by extension 'ignore'
[0.242s] Level 1:colcon.colcon_core.package_identification:_identify(log) ignored
[0.242s] Level 1:colcon.colcon_core.package_identification:_identify(src) by extensions ['ignore', 'ignore_ament_install']
[0.242s] Level 1:colcon.colcon_core.package_identification:_identify(src) by extension 'ignore'
[0.242s] Level 1:colcon.colcon_core.package_identification:_identify(src) by extension 'ignore_ament_install'
[0.242s] Level 1:colcon.colcon_core.package_identification:_identify(src) by extensions ['colcon_pkg']
[0.242s] Level 1:colcon.colcon_core.package_identification:_identify(src) by extension 'colcon_pkg'
[0.242s] Level 1:colcon.colcon_core.package_identification:_identify(src) by extensions ['colcon_meta']
[0.243s] Level 1:colcon.colcon_core.package_identification:_identify(src) by extension 'colcon_meta'
[0.243s] Level 1:colcon.colcon_core.package_identification:_identify(src) by extensions ['ros']
[0.243s] Level 1:colcon.colcon_core.package_identification:_identify(src) by extension 'ros'
[0.243s] Level 1:colcon.colcon_core.package_identification:_identify(src) by extensions ['cmake', 'python']
[0.243s] Level 1:colcon.colcon_core.package_identification:_identify(src) by extension 'cmake'
[0.243s] Level 1:colcon.colcon_core.package_identification:_identify(src) by extension 'python'
[0.243s] Level 1:colcon.colcon_core.package_identification:_identify(src) by extensions ['python_setup_py']
[0.243s] Level 1:colcon.colcon_core.package_identification:_identify(src) by extension 'python_setup_py'
[0.243s] Level 1:colcon.colcon_core.package_identification:_identify(src/mavROS_test) by extensions ['ignore', 'ignore_ament_install']
[0.243s] Level 1:colcon.colcon_core.package_identification:_identify(src/mavROS_test) by extension 'ignore'
[0.243s] Level 1:colcon.colcon_core.package_identification:_identify(src/mavROS_test) by extension 'ignore_ament_install'
[0.243s] Level 1:colcon.colcon_core.package_identification:_identify(src/mavROS_test) by extensions ['colcon_pkg']
[0.243s] Level 1:colcon.colcon_core.package_identification:_identify(src/mavROS_test) by extension 'colcon_pkg'
[0.243s] Level 1:colcon.colcon_core.package_identification:_identify(src/mavROS_test) by extensions ['colcon_meta']
[0.243s] Level 1:colcon.colcon_core.package_identification:_identify(src/mavROS_test) by extension 'colcon_meta'
[0.243s] Level 1:colcon.colcon_core.package_identification:_identify(src/mavROS_test) by extensions ['ros']
[0.243s] Level 1:colcon.colcon_core.package_identification:_identify(src/mavROS_test) by extension 'ros'
[0.249s] DEBUG:colcon.colcon_core.package_identification:Package 'src/mavROS_test' with type 'ros.ament_cmake' and name 'mavROS_test'
[0.249s] Level 1:colcon.colcon_core.package_discovery:discover_packages(recursive) using defaults
[0.249s] Level 1:colcon.colcon_core.package_discovery:discover_packages(ignore) discover
[0.250s] Level 1:colcon.colcon_core.package_discovery:discover_packages(ignore) using defaults
[0.250s] Level 1:colcon.colcon_core.package_discovery:discover_packages(path) discover
[0.250s] Level 1:colcon.colcon_core.package_discovery:discover_packages(path) using defaults
[0.275s] Level 1:colcon.colcon_core.package_discovery:discover_packages(prefix_path) check parameters
[0.275s] Level 1:colcon.colcon_core.package_discovery:discover_packages(prefix_path) discover
[0.278s] DEBUG:colcon.colcon_installed_package_information.package_discovery:Found 2 installed packages in /home/nyf/code/ROS2_workspace/mavROS_test/install
[0.280s] DEBUG:colcon.colcon_installed_package_information.package_discovery:Found 292 installed packages in /opt/ros/jazzy
[0.281s] Level 1:colcon.colcon_core.package_discovery:discover_packages(prefix_path) using defaults
[0.348s] Level 5:colcon.colcon_core.verb:set package 'mavROS_test' build argument 'cmake_args' from command line to 'None'
[0.348s] Level 5:colcon.colcon_core.verb:set package 'mavROS_test' build argument 'cmake_target' from command line to 'None'
[0.348s] Level 5:colcon.colcon_core.verb:set package 'mavROS_test' build argument 'cmake_target_skip_unavailable' from command line to 'False'
[0.349s] Level 5:colcon.colcon_core.verb:set package 'mavROS_test' build argument 'cmake_clean_cache' from command line to 'False'
[0.349s] Level 5:colcon.colcon_core.verb:set package 'mavROS_test' build argument 'cmake_clean_first' from command line to 'False'
[0.349s] Level 5:colcon.colcon_core.verb:set package 'mavROS_test' build argument 'cmake_force_configure' from command line to 'False'
[0.349s] Level 5:colcon.colcon_core.verb:set package 'mavROS_test' build argument 'ament_cmake_args' from command line to 'None'
[0.349s] Level 5:colcon.colcon_core.verb:set package 'mavROS_test' build argument 'catkin_cmake_args' from command line to 'None'
[0.349s] Level 5:colcon.colcon_core.verb:set package 'mavROS_test' build argument 'catkin_skip_building_tests' from command line to 'False'
[0.349s] DEBUG:colcon.colcon_core.verb:Building package 'mavROS_test' with the following arguments: {'ament_cmake_args': None, 'build_base': '/home/nyf/code/ROS2_workspace/mavROS_test/build/mavROS_test', 'catkin_cmake_args': None, 'catkin_skip_building_tests': False, 'cmake_args': None, 'cmake_clean_cache': False, 'cmake_clean_first': False, 'cmake_force_configure': False, 'cmake_target': None, 'cmake_target_skip_unavailable': False, 'install_base': '/home/nyf/code/ROS2_workspace/mavROS_test/install/mavROS_test', 'merge_install': False, 'path': '/home/nyf/code/ROS2_workspace/mavROS_test/src/mavROS_test', 'symlink_install': False, 'test_result_base': None}
[0.349s] INFO:colcon.colcon_core.executor:Executing jobs using 'parallel' executor
[0.351s] DEBUG:colcon.colcon_parallel_executor.executor.parallel:run_until_complete
[0.351s] INFO:colcon.colcon_ros.task.ament_cmake.build:Building ROS package in '/home/nyf/code/ROS2_workspace/mavROS_test/src/mavROS_test' with build type 'ament_cmake'
[0.352s] INFO:colcon.colcon_cmake.task.cmake.build:Building CMake package in '/home/nyf/code/ROS2_workspace/mavROS_test/src/mavROS_test'
[0.358s] INFO:colcon.colcon_core.plugin_system:Skipping extension 'colcon_core.shell.bat': Not used on non-Windows systems
[0.358s] INFO:colcon.colcon_core.shell:Skip shell extension 'powershell' for command environment: Not usable outside of PowerShell
[0.358s] DEBUG:colcon.colcon_core.shell:Skip shell extension 'dsv' for command environment
[0.391s] DEBUG:colcon.colcon_core.event_handler.log_command:Invoking command in '/home/nyf/code/ROS2_workspace/mavROS_test/build/mavROS_test': CMAKE_PREFIX_PATH=${CMAKE_PREFIX_PATH}:/opt/ros/jazzy DEBUGINFOD_URLS=https://debuginfod.ubuntu.com /usr/bin/cmake --build /home/nyf/code/ROS2_workspace/mavROS_test/build/mavROS_test -- -j8 -l8
[13.177s] DEBUG:colcon.colcon_core.event_handler.log_command:Invoked command in '/home/nyf/code/ROS2_workspace/mavROS_test/build/mavROS_test' returned '0': CMAKE_PREFIX_PATH=${CMAKE_PREFIX_PATH}:/opt/ros/jazzy DEBUGINFOD_URLS=https://debuginfod.ubuntu.com /usr/bin/cmake --build /home/nyf/code/ROS2_workspace/mavROS_test/build/mavROS_test -- -j8 -l8
[13.330s] DEBUG:colcon.colcon_core.event_handler.log_command:Invoking command in '/home/nyf/code/ROS2_workspace/mavROS_test/build/mavROS_test': CMAKE_PREFIX_PATH=${CMAKE_PREFIX_PATH}:/opt/ros/jazzy DEBUGINFOD_URLS=https://debuginfod.ubuntu.com /usr/bin/cmake --install /home/nyf/code/ROS2_workspace/mavROS_test/build/mavROS_test
[13.387s] Level 1:colcon.colcon_core.environment:create_environment_scripts_only(mavROS_test)
[13.388s] DEBUG:colcon.colcon_core.event_handler.log_command:Invoked command in '/home/nyf/code/ROS2_workspace/mavROS_test/build/mavROS_test' returned '0': CMAKE_PREFIX_PATH=${CMAKE_PREFIX_PATH}:/opt/ros/jazzy DEBUGINFOD_URLS=https://debuginfod.ubuntu.com /usr/bin/cmake --install /home/nyf/code/ROS2_workspace/mavROS_test/build/mavROS_test
[13.407s] Level 1:colcon.colcon_core.environment:checking '/home/nyf/code/ROS2_workspace/mavROS_test/install/mavROS_test' for CMake module files
[13.411s] Level 1:colcon.colcon_core.environment:checking '/home/nyf/code/ROS2_workspace/mavROS_test/install/mavROS_test' for CMake config files
[13.413s] Level 1:colcon.colcon_core.shell:create_environment_hook('mavROS_test', 'cmake_prefix_path')
[13.414s] INFO:colcon.colcon_core.shell:Creating environment hook '/home/nyf/code/ROS2_workspace/mavROS_test/install/mavROS_test/share/mavROS_test/hook/cmake_prefix_path.ps1'
[13.421s] INFO:colcon.colcon_core.shell:Creating environment descriptor '/home/nyf/code/ROS2_workspace/mavROS_test/install/mavROS_test/share/mavROS_test/hook/cmake_prefix_path.dsv'
[13.424s] INFO:colcon.colcon_core.shell:Creating environment hook '/home/nyf/code/ROS2_workspace/mavROS_test/install/mavROS_test/share/mavROS_test/hook/cmake_prefix_path.sh'
[13.429s] Level 1:colcon.colcon_core.environment:checking '/home/nyf/code/ROS2_workspace/mavROS_test/install/mavROS_test/lib'
[13.430s] Level 1:colcon.colcon_core.environment:checking '/home/nyf/code/ROS2_workspace/mavROS_test/install/mavROS_test/bin'
[13.430s] Level 1:colcon.colcon_core.environment:checking '/home/nyf/code/ROS2_workspace/mavROS_test/install/mavROS_test/lib/pkgconfig/mavROS_test.pc'
[13.430s] Level 1:colcon.colcon_core.environment:checking '/home/nyf/code/ROS2_workspace/mavROS_test/install/mavROS_test/lib/python3.12/site-packages'
[13.430s] Level 1:colcon.colcon_core.environment:checking '/home/nyf/code/ROS2_workspace/mavROS_test/install/mavROS_test/bin'
[13.431s] INFO:colcon.colcon_core.shell:Creating package script '/home/nyf/code/ROS2_workspace/mavROS_test/install/mavROS_test/share/mavROS_test/package.ps1'
[13.432s] INFO:colcon.colcon_core.shell:Creating package descriptor '/home/nyf/code/ROS2_workspace/mavROS_test/install/mavROS_test/share/mavROS_test/package.dsv'
[13.433s] INFO:colcon.colcon_core.shell:Creating package script '/home/nyf/code/ROS2_workspace/mavROS_test/install/mavROS_test/share/mavROS_test/package.sh'
[13.434s] INFO:colcon.colcon_core.shell:Creating package script '/home/nyf/code/ROS2_workspace/mavROS_test/install/mavROS_test/share/mavROS_test/package.bash'
[13.435s] INFO:colcon.colcon_core.shell:Creating package script '/home/nyf/code/ROS2_workspace/mavROS_test/install/mavROS_test/share/mavROS_test/package.zsh'
[13.435s] Level 1:colcon.colcon_core.environment:create_file_with_runtime_dependencies(/home/nyf/code/ROS2_workspace/mavROS_test/install/mavROS_test/share/colcon-core/packages/mavROS_test)
[13.530s] Level 1:colcon.colcon_core.environment:create_environment_scripts_only(mavROS_test)
[13.531s] Level 1:colcon.colcon_core.environment:checking '/home/nyf/code/ROS2_workspace/mavROS_test/install/mavROS_test' for CMake module files
[13.535s] Level 1:colcon.colcon_core.environment:checking '/home/nyf/code/ROS2_workspace/mavROS_test/install/mavROS_test' for CMake config files
[13.537s] Level 1:colcon.colcon_core.shell:create_environment_hook('mavROS_test', 'cmake_prefix_path')
[13.539s] INFO:colcon.colcon_core.shell:Creating environment hook '/home/nyf/code/ROS2_workspace/mavROS_test/install/mavROS_test/share/mavROS_test/hook/cmake_prefix_path.ps1'
[13.541s] INFO:colcon.colcon_core.shell:Creating environment descriptor '/home/nyf/code/ROS2_workspace/mavROS_test/install/mavROS_test/share/mavROS_test/hook/cmake_prefix_path.dsv'
[13.544s] INFO:colcon.colcon_core.shell:Creating environment hook '/home/nyf/code/ROS2_workspace/mavROS_test/install/mavROS_test/share/mavROS_test/hook/cmake_prefix_path.sh'
[13.547s] Level 1:colcon.colcon_core.environment:checking '/home/nyf/code/ROS2_workspace/mavROS_test/install/mavROS_test/lib'
[13.549s] Level 1:colcon.colcon_core.environment:checking '/home/nyf/code/ROS2_workspace/mavROS_test/install/mavROS_test/bin'
[13.549s] Level 1:colcon.colcon_core.environment:checking '/home/nyf/code/ROS2_workspace/mavROS_test/install/mavROS_test/lib/pkgconfig/mavROS_test.pc'
[13.551s] Level 1:colcon.colcon_core.environment:checking '/home/nyf/code/ROS2_workspace/mavROS_test/install/mavROS_test/lib/python3.12/site-packages'
[13.552s] Level 1:colcon.colcon_core.environment:checking '/home/nyf/code/ROS2_workspace/mavROS_test/install/mavROS_test/bin'
[13.554s] INFO:colcon.colcon_core.shell:Creating package script '/home/nyf/code/ROS2_workspace/mavROS_test/install/mavROS_test/share/mavROS_test/package.ps1'
[13.557s] INFO:colcon.colcon_core.shell:Creating package descriptor '/home/nyf/code/ROS2_workspace/mavROS_test/install/mavROS_test/share/mavROS_test/package.dsv'
[13.560s] INFO:colcon.colcon_core.shell:Creating package script '/home/nyf/code/ROS2_workspace/mavROS_test/install/mavROS_test/share/mavROS_test/package.sh'
[13.563s] INFO:colcon.colcon_core.shell:Creating package script '/home/nyf/code/ROS2_workspace/mavROS_test/install/mavROS_test/share/mavROS_test/package.bash'
[13.565s] INFO:colcon.colcon_core.shell:Creating package script '/home/nyf/code/ROS2_workspace/mavROS_test/install/mavROS_test/share/mavROS_test/package.zsh'
[13.567s] Level 1:colcon.colcon_core.environment:create_file_with_runtime_dependencies(/home/nyf/code/ROS2_workspace/mavROS_test/install/mavROS_test/share/colcon-core/packages/mavROS_test)
[13.569s] DEBUG:colcon.colcon_parallel_executor.executor.parallel:closing loop
[13.572s] DEBUG:colcon.colcon_parallel_executor.executor.parallel:loop closed
[13.572s] DEBUG:colcon.colcon_parallel_executor.executor.parallel:run_until_complete finished with '0'
[13.573s] DEBUG:colcon.colcon_core.event_reactor:joining thread
[13.600s] INFO:colcon.colcon_core.plugin_system:Skipping extension 'colcon_notification.desktop_notification.terminal_notifier': Not used on non-Darwin systems
[13.600s] INFO:colcon.colcon_core.plugin_system:Skipping extension 'colcon_notification.desktop_notification.win32': Not used on non-Windows systems
[13.600s] INFO:colcon.colcon_notification.desktop_notification:Sending desktop notification using 'notify2'
[13.634s] DEBUG:colcon.colcon_core.event_reactor:joined thread
[13.635s] INFO:colcon.colcon_core.shell:Creating prefix script '/home/nyf/code/ROS2_workspace/mavROS_test/install/local_setup.ps1'
[13.639s] INFO:colcon.colcon_core.shell:Creating prefix util module '/home/nyf/code/ROS2_workspace/mavROS_test/install/_local_setup_util_ps1.py'
[13.646s] INFO:colcon.colcon_core.shell:Creating prefix chain script '/home/nyf/code/ROS2_workspace/mavROS_test/install/setup.ps1'
[13.650s] INFO:colcon.colcon_core.shell:Creating prefix script '/home/nyf/code/ROS2_workspace/mavROS_test/install/local_setup.sh'
[13.653s] INFO:colcon.colcon_core.shell:Creating prefix util module '/home/nyf/code/ROS2_workspace/mavROS_test/install/_local_setup_util_sh.py'
[13.656s] INFO:colcon.colcon_core.shell:Creating prefix chain script '/home/nyf/code/ROS2_workspace/mavROS_test/install/setup.sh'
[13.661s] INFO:colcon.colcon_core.shell:Creating prefix script '/home/nyf/code/ROS2_workspace/mavROS_test/install/local_setup.bash'
[13.664s] INFO:colcon.colcon_core.shell:Creating prefix chain script '/home/nyf/code/ROS2_workspace/mavROS_test/install/setup.bash'
[13.668s] INFO:colcon.colcon_core.shell:Creating prefix script '/home/nyf/code/ROS2_workspace/mavROS_test/install/local_setup.zsh'
[13.670s] INFO:colcon.colcon_core.shell:Creating prefix chain script '/home/nyf/code/ROS2_workspace/mavROS_test/install/setup.zsh'
