[0.156s] DEBUG:colcon:Command line arguments: ['/usr/bin/colcon', 'build']
[0.156s] DEBUG:colcon:Parsed command line arguments: Namespace(log_base=None, log_level=None, verb_name='build', build_base='build', install_base='install', merge_install=False, symlink_install=False, test_result_base=None, continue_on_error=False, executor='parallel', parallel_workers=8, event_handlers=None, ignore_user_meta=False, metas=['./colcon.meta'], base_paths=['.'], packages_ignore=None, packages_ignore_regex=None, paths=None, packages_up_to=None, packages_up_to_regex=None, packages_above=None, packages_above_and_dependencies=None, packages_above_depth=None, packages_select_by_dep=None, packages_skip_by_dep=None, packages_skip_up_to=None, packages_select_build_failed=False, packages_skip_build_finished=False, packages_select_test_failures=False, packages_skip_test_passed=False, packages_select=None, packages_skip=None, packages_select_regex=None, packages_skip_regex=None, packages_start=None, packages_end=None, allow_overriding=[], cmake_args=None, cmake_target=None, cmake_target_skip_unavailable=False, cmake_clean_cache=False, cmake_clean_first=False, cmake_force_configure=False, ament_cmake_args=None, catkin_cmake_args=None, catkin_skip_building_tests=False, verb_parser=<colcon_defaults.argument_parser.defaults.DefaultArgumentsDecorator object at 0xffffa5407980>, verb_extension=<colcon_core.verb.build.BuildVerb object at 0xffffa54077d0>, main=<bound method BuildVerb.main of <colcon_core.verb.build.BuildVerb object at 0xffffa54077d0>>)
[0.213s] Level 1:colcon.colcon_core.package_discovery:discover_packages(colcon_meta) check parameters
[0.213s] Level 1:colcon.colcon_core.package_discovery:discover_packages(recursive) check parameters
[0.214s] Level 1:colcon.colcon_core.package_discovery:discover_packages(ignore) check parameters
[0.214s] Level 1:colcon.colcon_core.package_discovery:discover_packages(path) check parameters
[0.214s] Level 1:colcon.colcon_core.package_discovery:discover_packages(colcon_meta) discover
[0.214s] Level 1:colcon.colcon_core.package_discovery:discover_packages(recursive) discover
[0.214s] INFO:colcon.colcon_core.package_discovery:Crawling recursively for packages in '/home/nyf/code/ROS2_workspace/mavROS_test'
[0.214s] Level 1:colcon.colcon_core.package_identification:_identify(.) by extensions ['ignore', 'ignore_ament_install']
[0.214s] Level 1:colcon.colcon_core.package_identification:_identify(.) by extension 'ignore'
[0.214s] Level 1:colcon.colcon_core.package_identification:_identify(.) by extension 'ignore_ament_install'
[0.214s] Level 1:colcon.colcon_core.package_identification:_identify(.) by extensions ['colcon_pkg']
[0.214s] Level 1:colcon.colcon_core.package_identification:_identify(.) by extension 'colcon_pkg'
[0.214s] Level 1:colcon.colcon_core.package_identification:_identify(.) by extensions ['colcon_meta']
[0.214s] Level 1:colcon.colcon_core.package_identification:_identify(.) by extension 'colcon_meta'
[0.214s] Level 1:colcon.colcon_core.package_identification:_identify(.) by extensions ['ros']
[0.214s] Level 1:colcon.colcon_core.package_identification:_identify(.) by extension 'ros'
[0.257s] Level 1:colcon.colcon_core.package_identification:_identify(.) by extensions ['cmake', 'python']
[0.257s] Level 1:colcon.colcon_core.package_identification:_identify(.) by extension 'cmake'
[0.258s] Level 1:colcon.colcon_core.package_identification:_identify(.) by extension 'python'
[0.258s] Level 1:colcon.colcon_core.package_identification:_identify(.) by extensions ['python_setup_py']
[0.258s] Level 1:colcon.colcon_core.package_identification:_identify(.) by extension 'python_setup_py'
[0.258s] Level 1:colcon.colcon_core.package_identification:_identify(build) by extensions ['ignore', 'ignore_ament_install']
[0.258s] Level 1:colcon.colcon_core.package_identification:_identify(build) by extension 'ignore'
[0.258s] Level 1:colcon.colcon_core.package_identification:_identify(build) ignored
[0.258s] Level 1:colcon.colcon_core.package_identification:_identify(install) by extensions ['ignore', 'ignore_ament_install']
[0.258s] Level 1:colcon.colcon_core.package_identification:_identify(install) by extension 'ignore'
[0.259s] Level 1:colcon.colcon_core.package_identification:_identify(install) ignored
[0.259s] Level 1:colcon.colcon_core.package_identification:_identify(log) by extensions ['ignore', 'ignore_ament_install']
[0.259s] Level 1:colcon.colcon_core.package_identification:_identify(log) by extension 'ignore'
[0.259s] Level 1:colcon.colcon_core.package_identification:_identify(log) ignored
[0.259s] Level 1:colcon.colcon_core.package_identification:_identify(src) by extensions ['ignore', 'ignore_ament_install']
[0.259s] Level 1:colcon.colcon_core.package_identification:_identify(src) by extension 'ignore'
[0.259s] Level 1:colcon.colcon_core.package_identification:_identify(src) by extension 'ignore_ament_install'
[0.259s] Level 1:colcon.colcon_core.package_identification:_identify(src) by extensions ['colcon_pkg']
[0.259s] Level 1:colcon.colcon_core.package_identification:_identify(src) by extension 'colcon_pkg'
[0.259s] Level 1:colcon.colcon_core.package_identification:_identify(src) by extensions ['colcon_meta']
[0.259s] Level 1:colcon.colcon_core.package_identification:_identify(src) by extension 'colcon_meta'
[0.259s] Level 1:colcon.colcon_core.package_identification:_identify(src) by extensions ['ros']
[0.260s] Level 1:colcon.colcon_core.package_identification:_identify(src) by extension 'ros'
[0.260s] Level 1:colcon.colcon_core.package_identification:_identify(src) by extensions ['cmake', 'python']
[0.260s] Level 1:colcon.colcon_core.package_identification:_identify(src) by extension 'cmake'
[0.260s] Level 1:colcon.colcon_core.package_identification:_identify(src) by extension 'python'
[0.260s] Level 1:colcon.colcon_core.package_identification:_identify(src) by extensions ['python_setup_py']
[0.260s] Level 1:colcon.colcon_core.package_identification:_identify(src) by extension 'python_setup_py'
[0.260s] Level 1:colcon.colcon_core.package_identification:_identify(src/mavROS_test) by extensions ['ignore', 'ignore_ament_install']
[0.260s] Level 1:colcon.colcon_core.package_identification:_identify(src/mavROS_test) by extension 'ignore'
[0.260s] Level 1:colcon.colcon_core.package_identification:_identify(src/mavROS_test) by extension 'ignore_ament_install'
[0.260s] Level 1:colcon.colcon_core.package_identification:_identify(src/mavROS_test) by extensions ['colcon_pkg']
[0.260s] Level 1:colcon.colcon_core.package_identification:_identify(src/mavROS_test) by extension 'colcon_pkg'
[0.260s] Level 1:colcon.colcon_core.package_identification:_identify(src/mavROS_test) by extensions ['colcon_meta']
[0.260s] Level 1:colcon.colcon_core.package_identification:_identify(src/mavROS_test) by extension 'colcon_meta'
[0.260s] Level 1:colcon.colcon_core.package_identification:_identify(src/mavROS_test) by extensions ['ros']
[0.260s] Level 1:colcon.colcon_core.package_identification:_identify(src/mavROS_test) by extension 'ros'
[0.267s] DEBUG:colcon.colcon_core.package_identification:Package 'src/mavROS_test' with type 'ros.ament_cmake' and name 'mavROS_test'
[0.267s] Level 1:colcon.colcon_core.package_discovery:discover_packages(recursive) using defaults
[0.267s] Level 1:colcon.colcon_core.package_discovery:discover_packages(ignore) discover
[0.267s] Level 1:colcon.colcon_core.package_discovery:discover_packages(ignore) using defaults
[0.267s] Level 1:colcon.colcon_core.package_discovery:discover_packages(path) discover
[0.267s] Level 1:colcon.colcon_core.package_discovery:discover_packages(path) using defaults
[0.297s] Level 1:colcon.colcon_core.package_discovery:discover_packages(prefix_path) check parameters
[0.297s] Level 1:colcon.colcon_core.package_discovery:discover_packages(prefix_path) discover
[0.300s] DEBUG:colcon.colcon_installed_package_information.package_discovery:Found 1 installed packages in /home/nyf/code/ROS2_workspace/mavROS_test/install
[0.303s] DEBUG:colcon.colcon_installed_package_information.package_discovery:Found 291 installed packages in /opt/ros/jazzy
[0.304s] Level 1:colcon.colcon_core.package_discovery:discover_packages(prefix_path) using defaults
[0.374s] Level 5:colcon.colcon_core.verb:set package 'mavROS_test' build argument 'cmake_args' from command line to 'None'
[0.374s] Level 5:colcon.colcon_core.verb:set package 'mavROS_test' build argument 'cmake_target' from command line to 'None'
[0.375s] Level 5:colcon.colcon_core.verb:set package 'mavROS_test' build argument 'cmake_target_skip_unavailable' from command line to 'False'
[0.375s] Level 5:colcon.colcon_core.verb:set package 'mavROS_test' build argument 'cmake_clean_cache' from command line to 'False'
[0.375s] Level 5:colcon.colcon_core.verb:set package 'mavROS_test' build argument 'cmake_clean_first' from command line to 'False'
[0.375s] Level 5:colcon.colcon_core.verb:set package 'mavROS_test' build argument 'cmake_force_configure' from command line to 'False'
[0.375s] Level 5:colcon.colcon_core.verb:set package 'mavROS_test' build argument 'ament_cmake_args' from command line to 'None'
[0.375s] Level 5:colcon.colcon_core.verb:set package 'mavROS_test' build argument 'catkin_cmake_args' from command line to 'None'
[0.375s] Level 5:colcon.colcon_core.verb:set package 'mavROS_test' build argument 'catkin_skip_building_tests' from command line to 'False'
[0.375s] DEBUG:colcon.colcon_core.verb:Building package 'mavROS_test' with the following arguments: {'ament_cmake_args': None, 'build_base': '/home/nyf/code/ROS2_workspace/mavROS_test/build/mavROS_test', 'catkin_cmake_args': None, 'catkin_skip_building_tests': False, 'cmake_args': None, 'cmake_clean_cache': False, 'cmake_clean_first': False, 'cmake_force_configure': False, 'cmake_target': None, 'cmake_target_skip_unavailable': False, 'install_base': '/home/nyf/code/ROS2_workspace/mavROS_test/install/mavROS_test', 'merge_install': False, 'path': '/home/nyf/code/ROS2_workspace/mavROS_test/src/mavROS_test', 'symlink_install': False, 'test_result_base': None}
[0.375s] INFO:colcon.colcon_core.executor:Executing jobs using 'parallel' executor
[0.377s] DEBUG:colcon.colcon_parallel_executor.executor.parallel:run_until_complete
[0.377s] INFO:colcon.colcon_ros.task.ament_cmake.build:Building ROS package in '/home/nyf/code/ROS2_workspace/mavROS_test/src/mavROS_test' with build type 'ament_cmake'
[0.378s] INFO:colcon.colcon_cmake.task.cmake.build:Building CMake package in '/home/nyf/code/ROS2_workspace/mavROS_test/src/mavROS_test'
[0.381s] INFO:colcon.colcon_core.plugin_system:Skipping extension 'colcon_core.shell.bat': Not used on non-Windows systems
[0.381s] INFO:colcon.colcon_core.shell:Skip shell extension 'powershell' for command environment: Not usable outside of PowerShell
[0.382s] DEBUG:colcon.colcon_core.shell:Skip shell extension 'dsv' for command environment
[0.400s] DEBUG:colcon.colcon_core.event_handler.log_command:Invoking command in '/home/nyf/code/ROS2_workspace/mavROS_test/build/mavROS_test': CMAKE_PREFIX_PATH=${CMAKE_PREFIX_PATH}:/opt/ros/jazzy DEBUGINFOD_URLS=https://debuginfod.ubuntu.com /usr/bin/cmake --build /home/nyf/code/ROS2_workspace/mavROS_test/build/mavROS_test -- -j8 -l8
[16.395s] DEBUG:colcon.colcon_core.event_handler.log_command:Invoked command in '/home/nyf/code/ROS2_workspace/mavROS_test/build/mavROS_test' returned '0': CMAKE_PREFIX_PATH=${CMAKE_PREFIX_PATH}:/opt/ros/jazzy DEBUGINFOD_URLS=https://debuginfod.ubuntu.com /usr/bin/cmake --build /home/nyf/code/ROS2_workspace/mavROS_test/build/mavROS_test -- -j8 -l8
[16.503s] DEBUG:colcon.colcon_core.event_handler.log_command:Invoking command in '/home/nyf/code/ROS2_workspace/mavROS_test/build/mavROS_test': CMAKE_PREFIX_PATH=${CMAKE_PREFIX_PATH}:/opt/ros/jazzy DEBUGINFOD_URLS=https://debuginfod.ubuntu.com /usr/bin/cmake --install /home/nyf/code/ROS2_workspace/mavROS_test/build/mavROS_test
[16.552s] Level 1:colcon.colcon_core.environment:create_environment_scripts_only(mavROS_test)
[16.570s] DEBUG:colcon.colcon_core.event_handler.log_command:Invoked command in '/home/nyf/code/ROS2_workspace/mavROS_test/build/mavROS_test' returned '0': CMAKE_PREFIX_PATH=${CMAKE_PREFIX_PATH}:/opt/ros/jazzy DEBUGINFOD_URLS=https://debuginfod.ubuntu.com /usr/bin/cmake --install /home/nyf/code/ROS2_workspace/mavROS_test/build/mavROS_test
[16.570s] Level 1:colcon.colcon_core.environment:checking '/home/nyf/code/ROS2_workspace/mavROS_test/install/mavROS_test' for CMake module files
[16.571s] Level 1:colcon.colcon_core.environment:checking '/home/nyf/code/ROS2_workspace/mavROS_test/install/mavROS_test' for CMake config files
[16.572s] Level 1:colcon.colcon_core.shell:create_environment_hook('mavROS_test', 'cmake_prefix_path')
[16.572s] INFO:colcon.colcon_core.shell:Creating environment hook '/home/nyf/code/ROS2_workspace/mavROS_test/install/mavROS_test/share/mavROS_test/hook/cmake_prefix_path.ps1'
[16.573s] INFO:colcon.colcon_core.shell:Creating environment descriptor '/home/nyf/code/ROS2_workspace/mavROS_test/install/mavROS_test/share/mavROS_test/hook/cmake_prefix_path.dsv'
[16.574s] INFO:colcon.colcon_core.shell:Creating environment hook '/home/nyf/code/ROS2_workspace/mavROS_test/install/mavROS_test/share/mavROS_test/hook/cmake_prefix_path.sh'
[16.576s] Level 1:colcon.colcon_core.environment:checking '/home/nyf/code/ROS2_workspace/mavROS_test/install/mavROS_test/lib'
[16.576s] Level 1:colcon.colcon_core.environment:checking '/home/nyf/code/ROS2_workspace/mavROS_test/install/mavROS_test/bin'
[16.577s] Level 1:colcon.colcon_core.environment:checking '/home/nyf/code/ROS2_workspace/mavROS_test/install/mavROS_test/lib/pkgconfig/mavROS_test.pc'
[16.577s] Level 1:colcon.colcon_core.environment:checking '/home/nyf/code/ROS2_workspace/mavROS_test/install/mavROS_test/lib/python3.12/site-packages'
[16.577s] Level 1:colcon.colcon_core.environment:checking '/home/nyf/code/ROS2_workspace/mavROS_test/install/mavROS_test/bin'
[16.578s] INFO:colcon.colcon_core.shell:Creating package script '/home/nyf/code/ROS2_workspace/mavROS_test/install/mavROS_test/share/mavROS_test/package.ps1'
[16.579s] INFO:colcon.colcon_core.shell:Creating package descriptor '/home/nyf/code/ROS2_workspace/mavROS_test/install/mavROS_test/share/mavROS_test/package.dsv'
[16.580s] INFO:colcon.colcon_core.shell:Creating package script '/home/nyf/code/ROS2_workspace/mavROS_test/install/mavROS_test/share/mavROS_test/package.sh'
[16.581s] INFO:colcon.colcon_core.shell:Creating package script '/home/nyf/code/ROS2_workspace/mavROS_test/install/mavROS_test/share/mavROS_test/package.bash'
[16.582s] INFO:colcon.colcon_core.shell:Creating package script '/home/nyf/code/ROS2_workspace/mavROS_test/install/mavROS_test/share/mavROS_test/package.zsh'
[16.583s] Level 1:colcon.colcon_core.environment:create_file_with_runtime_dependencies(/home/nyf/code/ROS2_workspace/mavROS_test/install/mavROS_test/share/colcon-core/packages/mavROS_test)
[16.677s] Level 1:colcon.colcon_core.environment:create_environment_scripts_only(mavROS_test)
[16.677s] Level 1:colcon.colcon_core.environment:checking '/home/nyf/code/ROS2_workspace/mavROS_test/install/mavROS_test' for CMake module files
[16.681s] Level 1:colcon.colcon_core.environment:checking '/home/nyf/code/ROS2_workspace/mavROS_test/install/mavROS_test' for CMake config files
[16.682s] Level 1:colcon.colcon_core.shell:create_environment_hook('mavROS_test', 'cmake_prefix_path')
[16.683s] INFO:colcon.colcon_core.shell:Creating environment hook '/home/nyf/code/ROS2_workspace/mavROS_test/install/mavROS_test/share/mavROS_test/hook/cmake_prefix_path.ps1'
[16.685s] INFO:colcon.colcon_core.shell:Creating environment descriptor '/home/nyf/code/ROS2_workspace/mavROS_test/install/mavROS_test/share/mavROS_test/hook/cmake_prefix_path.dsv'
[16.687s] INFO:colcon.colcon_core.shell:Creating environment hook '/home/nyf/code/ROS2_workspace/mavROS_test/install/mavROS_test/share/mavROS_test/hook/cmake_prefix_path.sh'
[16.691s] Level 1:colcon.colcon_core.environment:checking '/home/nyf/code/ROS2_workspace/mavROS_test/install/mavROS_test/lib'
[16.691s] Level 1:colcon.colcon_core.environment:checking '/home/nyf/code/ROS2_workspace/mavROS_test/install/mavROS_test/bin'
[16.691s] Level 1:colcon.colcon_core.environment:checking '/home/nyf/code/ROS2_workspace/mavROS_test/install/mavROS_test/lib/pkgconfig/mavROS_test.pc'
[16.692s] Level 1:colcon.colcon_core.environment:checking '/home/nyf/code/ROS2_workspace/mavROS_test/install/mavROS_test/lib/python3.12/site-packages'
[16.693s] Level 1:colcon.colcon_core.environment:checking '/home/nyf/code/ROS2_workspace/mavROS_test/install/mavROS_test/bin'
[16.695s] INFO:colcon.colcon_core.shell:Creating package script '/home/nyf/code/ROS2_workspace/mavROS_test/install/mavROS_test/share/mavROS_test/package.ps1'
[16.697s] INFO:colcon.colcon_core.shell:Creating package descriptor '/home/nyf/code/ROS2_workspace/mavROS_test/install/mavROS_test/share/mavROS_test/package.dsv'
[16.699s] INFO:colcon.colcon_core.shell:Creating package script '/home/nyf/code/ROS2_workspace/mavROS_test/install/mavROS_test/share/mavROS_test/package.sh'
[16.701s] INFO:colcon.colcon_core.shell:Creating package script '/home/nyf/code/ROS2_workspace/mavROS_test/install/mavROS_test/share/mavROS_test/package.bash'
[16.703s] INFO:colcon.colcon_core.shell:Creating package script '/home/nyf/code/ROS2_workspace/mavROS_test/install/mavROS_test/share/mavROS_test/package.zsh'
[16.705s] Level 1:colcon.colcon_core.environment:create_file_with_runtime_dependencies(/home/nyf/code/ROS2_workspace/mavROS_test/install/mavROS_test/share/colcon-core/packages/mavROS_test)
[16.707s] DEBUG:colcon.colcon_parallel_executor.executor.parallel:closing loop
[16.708s] DEBUG:colcon.colcon_parallel_executor.executor.parallel:loop closed
[16.708s] DEBUG:colcon.colcon_parallel_executor.executor.parallel:run_until_complete finished with '0'
[16.709s] DEBUG:colcon.colcon_core.event_reactor:joining thread
[16.718s] INFO:colcon.colcon_core.plugin_system:Skipping extension 'colcon_notification.desktop_notification.terminal_notifier': Not used on non-Darwin systems
[16.718s] INFO:colcon.colcon_core.plugin_system:Skipping extension 'colcon_notification.desktop_notification.win32': Not used on non-Windows systems
[16.718s] INFO:colcon.colcon_notification.desktop_notification:Sending desktop notification using 'notify2'
[16.771s] DEBUG:colcon.colcon_core.event_reactor:joined thread
[16.772s] INFO:colcon.colcon_core.shell:Creating prefix script '/home/nyf/code/ROS2_workspace/mavROS_test/install/local_setup.ps1'
[16.773s] INFO:colcon.colcon_core.shell:Creating prefix util module '/home/nyf/code/ROS2_workspace/mavROS_test/install/_local_setup_util_ps1.py'
[16.775s] INFO:colcon.colcon_core.shell:Creating prefix chain script '/home/nyf/code/ROS2_workspace/mavROS_test/install/setup.ps1'
[16.777s] INFO:colcon.colcon_core.shell:Creating prefix script '/home/nyf/code/ROS2_workspace/mavROS_test/install/local_setup.sh'
[16.778s] INFO:colcon.colcon_core.shell:Creating prefix util module '/home/nyf/code/ROS2_workspace/mavROS_test/install/_local_setup_util_sh.py'
[16.779s] INFO:colcon.colcon_core.shell:Creating prefix chain script '/home/nyf/code/ROS2_workspace/mavROS_test/install/setup.sh'
[16.781s] INFO:colcon.colcon_core.shell:Creating prefix script '/home/nyf/code/ROS2_workspace/mavROS_test/install/local_setup.bash'
[16.782s] INFO:colcon.colcon_core.shell:Creating prefix chain script '/home/nyf/code/ROS2_workspace/mavROS_test/install/setup.bash'
[16.784s] INFO:colcon.colcon_core.shell:Creating prefix script '/home/nyf/code/ROS2_workspace/mavROS_test/install/local_setup.zsh'
[16.785s] INFO:colcon.colcon_core.shell:Creating prefix chain script '/home/nyf/code/ROS2_workspace/mavROS_test/install/setup.zsh'
