[ 50%] [32mBuilding CXX object CMakeFiles/hello_world.dir/src/hello_world.cpp.o[0m
[100%] [32m[1mLinking CXX executable hello_world[0m
[100%] Built target hello_world
-- Install configuration: ""
-- Installing: /home/nyf/code/ROS2_workspace/hello_world/install/hello_world_cpp/lib/hello_world_cpp/hello_world
-- Set non-toolchain portion of runtime path of "/home/nyf/code/ROS2_workspace/hello_world/install/hello_world_cpp/lib/hello_world_cpp/hello_world" to ""
-- Up-to-date: /home/nyf/code/ROS2_workspace/hello_world/install/hello_world_cpp/share/ament_index/resource_index/package_run_dependencies/hello_world_cpp
-- Up-to-date: /home/nyf/code/ROS2_workspace/hello_world/install/hello_world_cpp/share/ament_index/resource_index/parent_prefix_path/hello_world_cpp
-- Up-to-date: /home/nyf/code/ROS2_workspace/hello_world/install/hello_world_cpp/share/hello_world_cpp/environment/ament_prefix_path.sh
-- Up-to-date: /home/nyf/code/ROS2_workspace/hello_world/install/hello_world_cpp/share/hello_world_cpp/environment/ament_prefix_path.dsv
-- Up-to-date: /home/nyf/code/ROS2_workspace/hello_world/install/hello_world_cpp/share/hello_world_cpp/environment/path.sh
-- Up-to-date: /home/nyf/code/ROS2_workspace/hello_world/install/hello_world_cpp/share/hello_world_cpp/environment/path.dsv
-- Up-to-date: /home/nyf/code/ROS2_workspace/hello_world/install/hello_world_cpp/share/hello_world_cpp/local_setup.bash
-- Up-to-date: /home/nyf/code/ROS2_workspace/hello_world/install/hello_world_cpp/share/hello_world_cpp/local_setup.sh
-- Up-to-date: /home/nyf/code/ROS2_workspace/hello_world/install/hello_world_cpp/share/hello_world_cpp/local_setup.zsh
-- Up-to-date: /home/nyf/code/ROS2_workspace/hello_world/install/hello_world_cpp/share/hello_world_cpp/local_setup.dsv
-- Installing: /home/nyf/code/ROS2_workspace/hello_world/install/hello_world_cpp/share/hello_world_cpp/package.dsv
-- Up-to-date: /home/nyf/code/ROS2_workspace/hello_world/install/hello_world_cpp/share/ament_index/resource_index/packages/hello_world_cpp
-- Up-to-date: /home/nyf/code/ROS2_workspace/hello_world/install/hello_world_cpp/share/hello_world_cpp/cmake/hello_world_cppConfig.cmake
-- Up-to-date: /home/nyf/code/ROS2_workspace/hello_world/install/hello_world_cpp/share/hello_world_cpp/cmake/hello_world_cppConfig-version.cmake
-- Up-to-date: /home/nyf/code/ROS2_workspace/hello_world/install/hello_world_cpp/share/hello_world_cpp/package.xml
