[0.023s] Invoking command in '/home/nyf/code/ROS2_workspace/hello_world/build/hello_world_cpp': CMAKE_PREFIX_PATH=${CMAKE_PREFIX_PATH}:/opt/ros/jazzy DEBUGINFOD_URLS=https://debuginfod.ubuntu.com /usr/bin/cmake --build /home/nyf/code/ROS2_workspace/hello_world/build/hello_world_cpp -- -j8 -l8
[0.321s] [ 50%] [32mBuilding CXX object CMakeFiles/hello_world.dir/src/hello_world.cpp.o[0m
[6.629s] [100%] [32m[1mLinking CXX executable hello_world[0m
[6.937s] [100%] Built target hello_world
[6.978s] Invoked command in '/home/nyf/code/ROS2_workspace/hello_world/build/hello_world_cpp' returned '0': CMAKE_PREFIX_PATH=${CMAKE_PREFIX_PATH}:/opt/ros/jazzy DEBUGINFOD_URLS=https://debuginfod.ubuntu.com /usr/bin/cmake --build /home/nyf/code/ROS2_workspace/hello_world/build/hello_world_cpp -- -j8 -l8
[7.100s] Invoking command in '/home/nyf/code/ROS2_workspace/hello_world/build/hello_world_cpp': CMAKE_PREFIX_PATH=${CMAKE_PREFIX_PATH}:/opt/ros/jazzy DEBUGINFOD_URLS=https://debuginfod.ubuntu.com /usr/bin/cmake --install /home/nyf/code/ROS2_workspace/hello_world/build/hello_world_cpp
[7.142s] -- Install configuration: ""
[7.143s] -- Installing: /home/nyf/code/ROS2_workspace/hello_world/install/hello_world_cpp/lib/hello_world_cpp/hello_world
[7.144s] -- Set non-toolchain portion of runtime path of "/home/nyf/code/ROS2_workspace/hello_world/install/hello_world_cpp/lib/hello_world_cpp/hello_world" to ""
[7.144s] -- Up-to-date: /home/nyf/code/ROS2_workspace/hello_world/install/hello_world_cpp/share/ament_index/resource_index/package_run_dependencies/hello_world_cpp
[7.145s] -- Up-to-date: /home/nyf/code/ROS2_workspace/hello_world/install/hello_world_cpp/share/ament_index/resource_index/parent_prefix_path/hello_world_cpp
[7.145s] -- Up-to-date: /home/nyf/code/ROS2_workspace/hello_world/install/hello_world_cpp/share/hello_world_cpp/environment/ament_prefix_path.sh
[7.145s] -- Up-to-date: /home/nyf/code/ROS2_workspace/hello_world/install/hello_world_cpp/share/hello_world_cpp/environment/ament_prefix_path.dsv
[7.145s] -- Up-to-date: /home/nyf/code/ROS2_workspace/hello_world/install/hello_world_cpp/share/hello_world_cpp/environment/path.sh
[7.146s] -- Up-to-date: /home/nyf/code/ROS2_workspace/hello_world/install/hello_world_cpp/share/hello_world_cpp/environment/path.dsv
[7.146s] -- Up-to-date: /home/nyf/code/ROS2_workspace/hello_world/install/hello_world_cpp/share/hello_world_cpp/local_setup.bash
[7.147s] -- Up-to-date: /home/nyf/code/ROS2_workspace/hello_world/install/hello_world_cpp/share/hello_world_cpp/local_setup.sh
[7.147s] -- Up-to-date: /home/nyf/code/ROS2_workspace/hello_world/install/hello_world_cpp/share/hello_world_cpp/local_setup.zsh
[7.148s] -- Up-to-date: /home/nyf/code/ROS2_workspace/hello_world/install/hello_world_cpp/share/hello_world_cpp/local_setup.dsv
[7.150s] -- Installing: /home/nyf/code/ROS2_workspace/hello_world/install/hello_world_cpp/share/hello_world_cpp/package.dsv
[7.150s] -- Up-to-date: /home/nyf/code/ROS2_workspace/hello_world/install/hello_world_cpp/share/ament_index/resource_index/packages/hello_world_cpp
[7.150s] -- Up-to-date: /home/nyf/code/ROS2_workspace/hello_world/install/hello_world_cpp/share/hello_world_cpp/cmake/hello_world_cppConfig.cmake
[7.151s] -- Up-to-date: /home/nyf/code/ROS2_workspace/hello_world/install/hello_world_cpp/share/hello_world_cpp/cmake/hello_world_cppConfig-version.cmake
[7.151s] -- Up-to-date: /home/nyf/code/ROS2_workspace/hello_world/install/hello_world_cpp/share/hello_world_cpp/package.xml
[7.151s] Invoked command in '/home/nyf/code/ROS2_workspace/hello_world/build/hello_world_cpp' returned '0': CMAKE_PREFIX_PATH=${CMAKE_PREFIX_PATH}:/opt/ros/jazzy DEBUGINFOD_URLS=https://debuginfod.ubuntu.com /usr/bin/cmake --install /home/nyf/code/ROS2_workspace/hello_world/build/hello_world_cpp
