[0.029s] Invoking command in '/home/nyf/code/ROS2_workspace/hello_world/build/hello_world_cpp': CMAKE_PREFIX_PATH=${CMAKE_PREFIX_PATH}:/opt/ros/jazzy DEBUGINFOD_URLS=https://debuginfod.ubuntu.com /usr/bin/cmake /home/nyf/code/ROS2_workspace/hello_world/src/hello_world_cpp -DCMAKE_INSTALL_PREFIX=/home/nyf/code/ROS2_workspace/hello_world/install/hello_world_cpp
[0.462s] -- The C compiler identification is GNU 13.2.0
[0.775s] -- The CXX compiler identification is GNU 13.2.0
[0.822s] -- Detecting C compiler ABI info
[1.146s] -- Detecting C compiler ABI info - done
[1.161s] -- Check for working C compiler: /usr/bin/cc - skipped
[1.163s] -- Detecting C compile features
[1.164s] -- Detecting C compile features - done
[1.190s] -- Detecting CXX compiler ABI info
[1.429s] -- Detecting CXX compiler ABI info - done
[1.445s] -- Check for working CXX compiler: /usr/bin/c++ - skipped
[1.446s] -- Detecting CXX compile features
[1.446s] -- Detecting CXX compile features - done
[1.467s] -- Found ament_cmake: 2.5.2 (/opt/ros/jazzy/share/ament_cmake/cmake)
[1.753s] -- Found Python3: /usr/bin/python3 (found version "3.12.3") found components: Interpreter 
[2.007s] -- Found rclcpp: 28.1.5 (/opt/ros/jazzy/share/rclcpp/cmake)
[2.109s] -- Found rosidl_generator_c: 4.6.4 (/opt/ros/jazzy/share/rosidl_generator_c/cmake)
[2.139s] -- Found rosidl_generator_cpp: 4.6.4 (/opt/ros/jazzy/share/rosidl_generator_cpp/cmake)
[2.183s] -- Using all available rosidl_typesupport_c: rosidl_typesupport_fastrtps_c;rosidl_typesupport_introspection_c
[2.226s] -- Using all available rosidl_typesupport_cpp: rosidl_typesupport_fastrtps_cpp;rosidl_typesupport_introspection_cpp
[2.404s] -- Found rmw_implementation_cmake: 7.3.1 (/opt/ros/jazzy/share/rmw_implementation_cmake/cmake)
[2.412s] -- Found rmw_fastrtps_cpp: 8.4.1 (/opt/ros/jazzy/share/rmw_fastrtps_cpp/cmake)
[2.616s] -- Found OpenSSL: /usr/lib/aarch64-linux-gnu/libcrypto.so (found version "3.0.13")  
[2.662s] -- Found FastRTPS: /opt/ros/jazzy/include (Required is at least version "2.13") 
[2.708s] -- Using RMW implementation 'rmw_fastrtps_cpp' as default
[3.165s] -- Found ament_lint_auto: 0.17.1 (/opt/ros/jazzy/share/ament_lint_auto/cmake)
[3.386s] -- Added test 'cppcheck' to perform static code analysis on C / C++ code
[3.387s] -- Configured cppcheck include dirs: $<BUILD_INTERFACE:/home/nyf/code/ROS2_workspace/hello_world/src/hello_world_cpp/include>
[3.387s] -- Configured cppcheck exclude dirs and/or files: 
[3.388s] -- Added test 'lint_cmake' to check CMake code style
[3.390s] -- Added test 'uncrustify' to check C / C++ code style
[3.391s] -- Configured uncrustify additional arguments: 
[3.392s] -- Added test 'xmllint' to check XML markup files
[3.395s] -- Configuring done (3.3s)
[3.414s] -- Generating done (0.0s)
[3.416s] -- Build files have been written to: /home/nyf/code/ROS2_workspace/hello_world/build/hello_world_cpp
[3.439s] Invoked command in '/home/nyf/code/ROS2_workspace/hello_world/build/hello_world_cpp' returned '0': CMAKE_PREFIX_PATH=${CMAKE_PREFIX_PATH}:/opt/ros/jazzy DEBUGINFOD_URLS=https://debuginfod.ubuntu.com /usr/bin/cmake /home/nyf/code/ROS2_workspace/hello_world/src/hello_world_cpp -DCMAKE_INSTALL_PREFIX=/home/nyf/code/ROS2_workspace/hello_world/install/hello_world_cpp
[3.444s] Invoking command in '/home/nyf/code/ROS2_workspace/hello_world/build/hello_world_cpp': CMAKE_PREFIX_PATH=${CMAKE_PREFIX_PATH}:/opt/ros/jazzy DEBUGINFOD_URLS=https://debuginfod.ubuntu.com /usr/bin/cmake --build /home/nyf/code/ROS2_workspace/hello_world/build/hello_world_cpp -- -j8 -l8
[3.589s] [ 50%] [32mBuilding CXX object CMakeFiles/hello_world.dir/src/hello_world.cpp.o[0m
[3.743s] [100%] [32m[1mLinking CXX executable hello_world[0m
[4.254s] [100%] Built target hello_world
[4.275s] Invoked command in '/home/nyf/code/ROS2_workspace/hello_world/build/hello_world_cpp' returned '0': CMAKE_PREFIX_PATH=${CMAKE_PREFIX_PATH}:/opt/ros/jazzy DEBUGINFOD_URLS=https://debuginfod.ubuntu.com /usr/bin/cmake --build /home/nyf/code/ROS2_workspace/hello_world/build/hello_world_cpp -- -j8 -l8
[4.356s] Invoking command in '/home/nyf/code/ROS2_workspace/hello_world/build/hello_world_cpp': CMAKE_PREFIX_PATH=${CMAKE_PREFIX_PATH}:/opt/ros/jazzy DEBUGINFOD_URLS=https://debuginfod.ubuntu.com /usr/bin/cmake --install /home/nyf/code/ROS2_workspace/hello_world/build/hello_world_cpp
[4.385s] -- Install configuration: ""
[4.385s] -- Installing: /home/nyf/code/ROS2_workspace/hello_world/install/hello_world_cpp/lib/hello_world_cpp/hello_world
[4.386s] -- Set non-toolchain portion of runtime path of "/home/nyf/code/ROS2_workspace/hello_world/install/hello_world_cpp/lib/hello_world_cpp/hello_world" to ""
[4.387s] -- Installing: /home/nyf/code/ROS2_workspace/hello_world/install/hello_world_cpp/share/ament_index/resource_index/package_run_dependencies/hello_world_cpp
[4.387s] -- Installing: /home/nyf/code/ROS2_workspace/hello_world/install/hello_world_cpp/share/ament_index/resource_index/parent_prefix_path/hello_world_cpp
[4.388s] -- Installing: /home/nyf/code/ROS2_workspace/hello_world/install/hello_world_cpp/share/hello_world_cpp/environment/ament_prefix_path.sh
[4.388s] -- Installing: /home/nyf/code/ROS2_workspace/hello_world/install/hello_world_cpp/share/hello_world_cpp/environment/ament_prefix_path.dsv
[4.389s] -- Installing: /home/nyf/code/ROS2_workspace/hello_world/install/hello_world_cpp/share/hello_world_cpp/environment/path.sh
[4.389s] -- Installing: /home/nyf/code/ROS2_workspace/hello_world/install/hello_world_cpp/share/hello_world_cpp/environment/path.dsv
[4.389s] -- Installing: /home/nyf/code/ROS2_workspace/hello_world/install/hello_world_cpp/share/hello_world_cpp/local_setup.bash
[4.390s] -- Installing: /home/nyf/code/ROS2_workspace/hello_world/install/hello_world_cpp/share/hello_world_cpp/local_setup.sh
[4.392s] -- Installing: /home/nyf/code/ROS2_workspace/hello_world/install/hello_world_cpp/share/hello_world_cpp/local_setup.zsh
[4.393s] -- Installing: /home/nyf/code/ROS2_workspace/hello_world/install/hello_world_cpp/share/hello_world_cpp/local_setup.dsv
[4.394s] -- Installing: /home/nyf/code/ROS2_workspace/hello_world/install/hello_world_cpp/share/hello_world_cpp/package.dsv
[4.395s] -- Installing: /home/nyf/code/ROS2_workspace/hello_world/install/hello_world_cpp/share/ament_index/resource_index/packages/hello_world_cpp
[4.395s] -- Installing: /home/nyf/code/ROS2_workspace/hello_world/install/hello_world_cpp/share/hello_world_cpp/cmake/hello_world_cppConfig.cmake
[4.396s] -- Installing: /home/nyf/code/ROS2_workspace/hello_world/install/hello_world_cpp/share/hello_world_cpp/cmake/hello_world_cppConfig-version.cmake
[4.396s] -- Installing: /home/nyf/code/ROS2_workspace/hello_world/install/hello_world_cpp/share/hello_world_cpp/package.xml
[4.397s] Invoked command in '/home/nyf/code/ROS2_workspace/hello_world/build/hello_world_cpp' returned '0': CMAKE_PREFIX_PATH=${CMAKE_PREFIX_PATH}:/opt/ros/jazzy DEBUGINFOD_URLS=https://debuginfod.ubuntu.com /usr/bin/cmake --install /home/nyf/code/ROS2_workspace/hello_world/build/hello_world_cpp
