[0.171s] DEBUG:colcon:Command line arguments: ['/usr/bin/colcon', 'build']
[0.171s] DEBUG:colcon:Parsed command line arguments: Namespace(log_base=None, log_level=None, verb_name='build', build_base='build', install_base='install', merge_install=False, symlink_install=False, test_result_base=None, continue_on_error=False, executor='parallel', parallel_workers=8, event_handlers=None, ignore_user_meta=False, metas=['./colcon.meta'], base_paths=['.'], packages_ignore=None, packages_ignore_regex=None, paths=None, packages_up_to=None, packages_up_to_regex=None, packages_above=None, packages_above_and_dependencies=None, packages_above_depth=None, packages_select_by_dep=None, packages_skip_by_dep=None, packages_skip_up_to=None, packages_select_build_failed=False, packages_skip_build_finished=False, packages_select_test_failures=False, packages_skip_test_passed=False, packages_select=None, packages_skip=None, packages_select_regex=None, packages_skip_regex=None, packages_start=None, packages_end=None, allow_overriding=[], cmake_args=None, cmake_target=None, cmake_target_skip_unavailable=False, cmake_clean_cache=False, cmake_clean_first=False, cmake_force_configure=False, ament_cmake_args=None, catkin_cmake_args=None, catkin_skip_building_tests=False, verb_parser=<colcon_defaults.argument_parser.defaults.DefaultArgumentsDecorator object at 0xffff9c9fb650>, verb_extension=<colcon_core.verb.build.BuildVerb object at 0xffff9c9fb410>, main=<bound method BuildVerb.main of <colcon_core.verb.build.BuildVerb object at 0xffff9c9fb410>>)
[0.228s] Level 1:colcon.colcon_core.package_discovery:discover_packages(colcon_meta) check parameters
[0.228s] Level 1:colcon.colcon_core.package_discovery:discover_packages(recursive) check parameters
[0.228s] Level 1:colcon.colcon_core.package_discovery:discover_packages(ignore) check parameters
[0.228s] Level 1:colcon.colcon_core.package_discovery:discover_packages(path) check parameters
[0.228s] Level 1:colcon.colcon_core.package_discovery:discover_packages(colcon_meta) discover
[0.228s] Level 1:colcon.colcon_core.package_discovery:discover_packages(recursive) discover
[0.228s] INFO:colcon.colcon_core.package_discovery:Crawling recursively for packages in '/home/nyf/code/ROS2_workspace/mavROS_test'
[0.228s] Level 1:colcon.colcon_core.package_identification:_identify(.) by extensions ['ignore', 'ignore_ament_install']
[0.229s] Level 1:colcon.colcon_core.package_identification:_identify(.) by extension 'ignore'
[0.229s] Level 1:colcon.colcon_core.package_identification:_identify(.) by extension 'ignore_ament_install'
[0.229s] Level 1:colcon.colcon_core.package_identification:_identify(.) by extensions ['colcon_pkg']
[0.229s] Level 1:colcon.colcon_core.package_identification:_identify(.) by extension 'colcon_pkg'
[0.229s] Level 1:colcon.colcon_core.package_identification:_identify(.) by extensions ['colcon_meta']
[0.229s] Level 1:colcon.colcon_core.package_identification:_identify(.) by extension 'colcon_meta'
[0.229s] Level 1:colcon.colcon_core.package_identification:_identify(.) by extensions ['ros']
[0.229s] Level 1:colcon.colcon_core.package_identification:_identify(.) by extension 'ros'
[0.268s] Level 1:colcon.colcon_core.package_identification:_identify(.) by extensions ['cmake', 'python']
[0.268s] Level 1:colcon.colcon_core.package_identification:_identify(.) by extension 'cmake'
[0.268s] Level 1:colcon.colcon_core.package_identification:_identify(.) by extension 'python'
[0.268s] Level 1:colcon.colcon_core.package_identification:_identify(.) by extensions ['python_setup_py']
[0.268s] Level 1:colcon.colcon_core.package_identification:_identify(.) by extension 'python_setup_py'
[0.268s] Level 1:colcon.colcon_core.package_identification:_identify(build) by extensions ['ignore', 'ignore_ament_install']
[0.268s] Level 1:colcon.colcon_core.package_identification:_identify(build) by extension 'ignore'
[0.268s] Level 1:colcon.colcon_core.package_identification:_identify(build) ignored
[0.269s] Level 1:colcon.colcon_core.package_identification:_identify(install) by extensions ['ignore', 'ignore_ament_install']
[0.269s] Level 1:colcon.colcon_core.package_identification:_identify(install) by extension 'ignore'
[0.269s] Level 1:colcon.colcon_core.package_identification:_identify(install) ignored
[0.269s] Level 1:colcon.colcon_core.package_identification:_identify(log) by extensions ['ignore', 'ignore_ament_install']
[0.269s] Level 1:colcon.colcon_core.package_identification:_identify(log) by extension 'ignore'
[0.269s] Level 1:colcon.colcon_core.package_identification:_identify(log) ignored
[0.269s] Level 1:colcon.colcon_core.package_identification:_identify(src) by extensions ['ignore', 'ignore_ament_install']
[0.269s] Level 1:colcon.colcon_core.package_identification:_identify(src) by extension 'ignore'
[0.269s] Level 1:colcon.colcon_core.package_identification:_identify(src) by extension 'ignore_ament_install'
[0.269s] Level 1:colcon.colcon_core.package_identification:_identify(src) by extensions ['colcon_pkg']
[0.269s] Level 1:colcon.colcon_core.package_identification:_identify(src) by extension 'colcon_pkg'
[0.269s] Level 1:colcon.colcon_core.package_identification:_identify(src) by extensions ['colcon_meta']
[0.269s] Level 1:colcon.colcon_core.package_identification:_identify(src) by extension 'colcon_meta'
[0.270s] Level 1:colcon.colcon_core.package_identification:_identify(src) by extensions ['ros']
[0.270s] Level 1:colcon.colcon_core.package_identification:_identify(src) by extension 'ros'
[0.270s] Level 1:colcon.colcon_core.package_identification:_identify(src) by extensions ['cmake', 'python']
[0.270s] Level 1:colcon.colcon_core.package_identification:_identify(src) by extension 'cmake'
[0.270s] Level 1:colcon.colcon_core.package_identification:_identify(src) by extension 'python'
[0.270s] Level 1:colcon.colcon_core.package_identification:_identify(src) by extensions ['python_setup_py']
[0.270s] Level 1:colcon.colcon_core.package_identification:_identify(src) by extension 'python_setup_py'
[0.270s] Level 1:colcon.colcon_core.package_identification:_identify(src/mavROS_test) by extensions ['ignore', 'ignore_ament_install']
[0.270s] Level 1:colcon.colcon_core.package_identification:_identify(src/mavROS_test) by extension 'ignore'
[0.270s] Level 1:colcon.colcon_core.package_identification:_identify(src/mavROS_test) by extension 'ignore_ament_install'
[0.270s] Level 1:colcon.colcon_core.package_identification:_identify(src/mavROS_test) by extensions ['colcon_pkg']
[0.270s] Level 1:colcon.colcon_core.package_identification:_identify(src/mavROS_test) by extension 'colcon_pkg'
[0.270s] Level 1:colcon.colcon_core.package_identification:_identify(src/mavROS_test) by extensions ['colcon_meta']
[0.270s] Level 1:colcon.colcon_core.package_identification:_identify(src/mavROS_test) by extension 'colcon_meta'
[0.270s] Level 1:colcon.colcon_core.package_identification:_identify(src/mavROS_test) by extensions ['ros']
[0.270s] Level 1:colcon.colcon_core.package_identification:_identify(src/mavROS_test) by extension 'ros'
[0.276s] DEBUG:colcon.colcon_core.package_identification:Package 'src/mavROS_test' with type 'ros.ament_cmake' and name 'mavROS_test'
[0.276s] Level 1:colcon.colcon_core.package_discovery:discover_packages(recursive) using defaults
[0.276s] Level 1:colcon.colcon_core.package_discovery:discover_packages(ignore) discover
[0.276s] Level 1:colcon.colcon_core.package_discovery:discover_packages(ignore) using defaults
[0.276s] Level 1:colcon.colcon_core.package_discovery:discover_packages(path) discover
[0.276s] Level 1:colcon.colcon_core.package_discovery:discover_packages(path) using defaults
[0.302s] Level 1:colcon.colcon_core.package_discovery:discover_packages(prefix_path) check parameters
[0.302s] Level 1:colcon.colcon_core.package_discovery:discover_packages(prefix_path) discover
[0.304s] WARNING:colcon.colcon_ros.prefix_path.ament:The path '/home/nyf/code/ROS2_workspace/mavROS_test/install/hello_world_cpp' in the environment variable AMENT_PREFIX_PATH doesn't exist
[0.304s] WARNING:colcon.colcon_ros.prefix_path.catkin:The path '/home/nyf/code/ROS2_workspace/mavROS_test/install/hello_world_cpp' in the environment variable CMAKE_PREFIX_PATH doesn't exist
[0.305s] DEBUG:colcon.colcon_installed_package_information.package_discovery:Found 1 installed packages in /home/nyf/code/ROS2_workspace/mavROS_test/install
[0.307s] DEBUG:colcon.colcon_installed_package_information.package_discovery:Found 292 installed packages in /opt/ros/jazzy
[0.309s] Level 1:colcon.colcon_core.package_discovery:discover_packages(prefix_path) using defaults
[0.376s] Level 5:colcon.colcon_core.verb:set package 'mavROS_test' build argument 'cmake_args' from command line to 'None'
[0.376s] Level 5:colcon.colcon_core.verb:set package 'mavROS_test' build argument 'cmake_target' from command line to 'None'
[0.376s] Level 5:colcon.colcon_core.verb:set package 'mavROS_test' build argument 'cmake_target_skip_unavailable' from command line to 'False'
[0.376s] Level 5:colcon.colcon_core.verb:set package 'mavROS_test' build argument 'cmake_clean_cache' from command line to 'False'
[0.376s] Level 5:colcon.colcon_core.verb:set package 'mavROS_test' build argument 'cmake_clean_first' from command line to 'False'
[0.376s] Level 5:colcon.colcon_core.verb:set package 'mavROS_test' build argument 'cmake_force_configure' from command line to 'False'
[0.376s] Level 5:colcon.colcon_core.verb:set package 'mavROS_test' build argument 'ament_cmake_args' from command line to 'None'
[0.376s] Level 5:colcon.colcon_core.verb:set package 'mavROS_test' build argument 'catkin_cmake_args' from command line to 'None'
[0.376s] Level 5:colcon.colcon_core.verb:set package 'mavROS_test' build argument 'catkin_skip_building_tests' from command line to 'False'
[0.376s] DEBUG:colcon.colcon_core.verb:Building package 'mavROS_test' with the following arguments: {'ament_cmake_args': None, 'build_base': '/home/nyf/code/ROS2_workspace/mavROS_test/build/mavROS_test', 'catkin_cmake_args': None, 'catkin_skip_building_tests': False, 'cmake_args': None, 'cmake_clean_cache': False, 'cmake_clean_first': False, 'cmake_force_configure': False, 'cmake_target': None, 'cmake_target_skip_unavailable': False, 'install_base': '/home/nyf/code/ROS2_workspace/mavROS_test/install/mavROS_test', 'merge_install': False, 'path': '/home/nyf/code/ROS2_workspace/mavROS_test/src/mavROS_test', 'symlink_install': False, 'test_result_base': None}
[0.377s] INFO:colcon.colcon_core.executor:Executing jobs using 'parallel' executor
[0.379s] DEBUG:colcon.colcon_parallel_executor.executor.parallel:run_until_complete
[0.380s] INFO:colcon.colcon_ros.task.ament_cmake.build:Building ROS package in '/home/nyf/code/ROS2_workspace/mavROS_test/src/mavROS_test' with build type 'ament_cmake'
[0.380s] INFO:colcon.colcon_cmake.task.cmake.build:Building CMake package in '/home/nyf/code/ROS2_workspace/mavROS_test/src/mavROS_test'
[0.383s] INFO:colcon.colcon_core.plugin_system:Skipping extension 'colcon_core.shell.bat': Not used on non-Windows systems
[0.384s] INFO:colcon.colcon_core.shell:Skip shell extension 'powershell' for command environment: Not usable outside of PowerShell
[0.384s] DEBUG:colcon.colcon_core.shell:Skip shell extension 'dsv' for command environment
[0.405s] DEBUG:colcon.colcon_core.event_handler.log_command:Invoking command in '/home/nyf/code/ROS2_workspace/mavROS_test/build/mavROS_test': CMAKE_PREFIX_PATH=${CMAKE_PREFIX_PATH}:/opt/ros/jazzy DEBUGINFOD_URLS=https://debuginfod.ubuntu.com /usr/bin/cmake --build /home/nyf/code/ROS2_workspace/mavROS_test/build/mavROS_test -- -j8 -l8
[2.332s] DEBUG:colcon.colcon_core.event_handler.log_command:Invoked command in '/home/nyf/code/ROS2_workspace/mavROS_test/build/mavROS_test' returned '0': CMAKE_PREFIX_PATH=${CMAKE_PREFIX_PATH}:/opt/ros/jazzy DEBUGINFOD_URLS=https://debuginfod.ubuntu.com /usr/bin/cmake --build /home/nyf/code/ROS2_workspace/mavROS_test/build/mavROS_test -- -j8 -l8
[2.483s] DEBUG:colcon.colcon_core.event_handler.log_command:Invoking command in '/home/nyf/code/ROS2_workspace/mavROS_test/build/mavROS_test': CMAKE_PREFIX_PATH=${CMAKE_PREFIX_PATH}:/opt/ros/jazzy DEBUGINFOD_URLS=https://debuginfod.ubuntu.com /usr/bin/cmake --install /home/nyf/code/ROS2_workspace/mavROS_test/build/mavROS_test
[2.518s] Level 1:colcon.colcon_core.environment:create_environment_scripts_only(mavROS_test)
[2.521s] DEBUG:colcon.colcon_core.event_handler.log_command:Invoked command in '/home/nyf/code/ROS2_workspace/mavROS_test/build/mavROS_test' returned '0': CMAKE_PREFIX_PATH=${CMAKE_PREFIX_PATH}:/opt/ros/jazzy DEBUGINFOD_URLS=https://debuginfod.ubuntu.com /usr/bin/cmake --install /home/nyf/code/ROS2_workspace/mavROS_test/build/mavROS_test
[2.532s] Level 1:colcon.colcon_core.environment:checking '/home/nyf/code/ROS2_workspace/mavROS_test/install/mavROS_test' for CMake module files
[2.535s] Level 1:colcon.colcon_core.environment:checking '/home/nyf/code/ROS2_workspace/mavROS_test/install/mavROS_test' for CMake config files
[2.537s] Level 1:colcon.colcon_core.shell:create_environment_hook('mavROS_test', 'cmake_prefix_path')
[2.543s] INFO:colcon.colcon_core.shell:Creating environment hook '/home/nyf/code/ROS2_workspace/mavROS_test/install/mavROS_test/share/mavROS_test/hook/cmake_prefix_path.ps1'
[2.544s] INFO:colcon.colcon_core.shell:Creating environment descriptor '/home/nyf/code/ROS2_workspace/mavROS_test/install/mavROS_test/share/mavROS_test/hook/cmake_prefix_path.dsv'
[2.546s] INFO:colcon.colcon_core.shell:Creating environment hook '/home/nyf/code/ROS2_workspace/mavROS_test/install/mavROS_test/share/mavROS_test/hook/cmake_prefix_path.sh'
[2.547s] Level 1:colcon.colcon_core.environment:checking '/home/nyf/code/ROS2_workspace/mavROS_test/install/mavROS_test/lib'
[2.548s] Level 1:colcon.colcon_core.environment:checking '/home/nyf/code/ROS2_workspace/mavROS_test/install/mavROS_test/bin'
[2.548s] Level 1:colcon.colcon_core.environment:checking '/home/nyf/code/ROS2_workspace/mavROS_test/install/mavROS_test/lib/pkgconfig/mavROS_test.pc'
[2.548s] Level 1:colcon.colcon_core.environment:checking '/home/nyf/code/ROS2_workspace/mavROS_test/install/mavROS_test/lib/python3.12/site-packages'
[2.549s] Level 1:colcon.colcon_core.environment:checking '/home/nyf/code/ROS2_workspace/mavROS_test/install/mavROS_test/bin'
[2.549s] INFO:colcon.colcon_core.shell:Creating package script '/home/nyf/code/ROS2_workspace/mavROS_test/install/mavROS_test/share/mavROS_test/package.ps1'
[2.550s] INFO:colcon.colcon_core.shell:Creating package descriptor '/home/nyf/code/ROS2_workspace/mavROS_test/install/mavROS_test/share/mavROS_test/package.dsv'
[2.552s] INFO:colcon.colcon_core.shell:Creating package script '/home/nyf/code/ROS2_workspace/mavROS_test/install/mavROS_test/share/mavROS_test/package.sh'
[2.553s] INFO:colcon.colcon_core.shell:Creating package script '/home/nyf/code/ROS2_workspace/mavROS_test/install/mavROS_test/share/mavROS_test/package.bash'
[2.554s] INFO:colcon.colcon_core.shell:Creating package script '/home/nyf/code/ROS2_workspace/mavROS_test/install/mavROS_test/share/mavROS_test/package.zsh'
[2.555s] Level 1:colcon.colcon_core.environment:create_file_with_runtime_dependencies(/home/nyf/code/ROS2_workspace/mavROS_test/install/mavROS_test/share/colcon-core/packages/mavROS_test)
[2.642s] Level 1:colcon.colcon_core.environment:create_environment_scripts_only(mavROS_test)
[2.642s] Level 1:colcon.colcon_core.environment:checking '/home/nyf/code/ROS2_workspace/mavROS_test/install/mavROS_test' for CMake module files
[2.643s] Level 1:colcon.colcon_core.environment:checking '/home/nyf/code/ROS2_workspace/mavROS_test/install/mavROS_test' for CMake config files
[2.644s] Level 1:colcon.colcon_core.shell:create_environment_hook('mavROS_test', 'cmake_prefix_path')
[2.644s] INFO:colcon.colcon_core.shell:Creating environment hook '/home/nyf/code/ROS2_workspace/mavROS_test/install/mavROS_test/share/mavROS_test/hook/cmake_prefix_path.ps1'
[2.645s] INFO:colcon.colcon_core.shell:Creating environment descriptor '/home/nyf/code/ROS2_workspace/mavROS_test/install/mavROS_test/share/mavROS_test/hook/cmake_prefix_path.dsv'
[2.646s] INFO:colcon.colcon_core.shell:Creating environment hook '/home/nyf/code/ROS2_workspace/mavROS_test/install/mavROS_test/share/mavROS_test/hook/cmake_prefix_path.sh'
[2.647s] Level 1:colcon.colcon_core.environment:checking '/home/nyf/code/ROS2_workspace/mavROS_test/install/mavROS_test/lib'
[2.648s] Level 1:colcon.colcon_core.environment:checking '/home/nyf/code/ROS2_workspace/mavROS_test/install/mavROS_test/bin'
[2.648s] Level 1:colcon.colcon_core.environment:checking '/home/nyf/code/ROS2_workspace/mavROS_test/install/mavROS_test/lib/pkgconfig/mavROS_test.pc'
[2.649s] Level 1:colcon.colcon_core.environment:checking '/home/nyf/code/ROS2_workspace/mavROS_test/install/mavROS_test/lib/python3.12/site-packages'
[2.649s] Level 1:colcon.colcon_core.environment:checking '/home/nyf/code/ROS2_workspace/mavROS_test/install/mavROS_test/bin'
[2.650s] INFO:colcon.colcon_core.shell:Creating package script '/home/nyf/code/ROS2_workspace/mavROS_test/install/mavROS_test/share/mavROS_test/package.ps1'
[2.651s] INFO:colcon.colcon_core.shell:Creating package descriptor '/home/nyf/code/ROS2_workspace/mavROS_test/install/mavROS_test/share/mavROS_test/package.dsv'
[2.652s] INFO:colcon.colcon_core.shell:Creating package script '/home/nyf/code/ROS2_workspace/mavROS_test/install/mavROS_test/share/mavROS_test/package.sh'
[2.653s] INFO:colcon.colcon_core.shell:Creating package script '/home/nyf/code/ROS2_workspace/mavROS_test/install/mavROS_test/share/mavROS_test/package.bash'
[2.653s] INFO:colcon.colcon_core.shell:Creating package script '/home/nyf/code/ROS2_workspace/mavROS_test/install/mavROS_test/share/mavROS_test/package.zsh'
[2.655s] Level 1:colcon.colcon_core.environment:create_file_with_runtime_dependencies(/home/nyf/code/ROS2_workspace/mavROS_test/install/mavROS_test/share/colcon-core/packages/mavROS_test)
[2.655s] DEBUG:colcon.colcon_parallel_executor.executor.parallel:closing loop
[2.657s] DEBUG:colcon.colcon_parallel_executor.executor.parallel:loop closed
[2.657s] DEBUG:colcon.colcon_parallel_executor.executor.parallel:run_until_complete finished with '0'
[2.657s] DEBUG:colcon.colcon_core.event_reactor:joining thread
[2.668s] INFO:colcon.colcon_core.plugin_system:Skipping extension 'colcon_notification.desktop_notification.terminal_notifier': Not used on non-Darwin systems
[2.668s] INFO:colcon.colcon_core.plugin_system:Skipping extension 'colcon_notification.desktop_notification.win32': Not used on non-Windows systems
[2.669s] INFO:colcon.colcon_notification.desktop_notification:Sending desktop notification using 'notify2'
[2.708s] DEBUG:colcon.colcon_core.event_reactor:joined thread
[2.709s] INFO:colcon.colcon_core.shell:Creating prefix script '/home/nyf/code/ROS2_workspace/mavROS_test/install/local_setup.ps1'
[2.711s] INFO:colcon.colcon_core.shell:Creating prefix util module '/home/nyf/code/ROS2_workspace/mavROS_test/install/_local_setup_util_ps1.py'
[2.716s] INFO:colcon.colcon_core.shell:Creating prefix chain script '/home/nyf/code/ROS2_workspace/mavROS_test/install/setup.ps1'
[2.718s] INFO:colcon.colcon_core.shell:Creating prefix script '/home/nyf/code/ROS2_workspace/mavROS_test/install/local_setup.sh'
[2.719s] INFO:colcon.colcon_core.shell:Creating prefix util module '/home/nyf/code/ROS2_workspace/mavROS_test/install/_local_setup_util_sh.py'
[2.721s] INFO:colcon.colcon_core.shell:Creating prefix chain script '/home/nyf/code/ROS2_workspace/mavROS_test/install/setup.sh'
[2.722s] INFO:colcon.colcon_core.shell:Creating prefix script '/home/nyf/code/ROS2_workspace/mavROS_test/install/local_setup.bash'
[2.723s] INFO:colcon.colcon_core.shell:Creating prefix chain script '/home/nyf/code/ROS2_workspace/mavROS_test/install/setup.bash'
[2.725s] INFO:colcon.colcon_core.shell:Creating prefix script '/home/nyf/code/ROS2_workspace/mavROS_test/install/local_setup.zsh'
[2.725s] INFO:colcon.colcon_core.shell:Creating prefix chain script '/home/nyf/code/ROS2_workspace/mavROS_test/install/setup.zsh'
