[0.158s] DEBUG:colcon:Command line arguments: ['/usr/bin/colcon', 'build']
[0.158s] DEBUG:colcon:Parsed command line arguments: Namespace(log_base=None, log_level=None, verb_name='build', build_base='build', install_base='install', merge_install=False, symlink_install=False, test_result_base=None, continue_on_error=False, executor='parallel', parallel_workers=8, event_handlers=None, ignore_user_meta=False, metas=['./colcon.meta'], base_paths=['.'], packages_ignore=None, packages_ignore_regex=None, paths=None, packages_up_to=None, packages_up_to_regex=None, packages_above=None, packages_above_and_dependencies=None, packages_above_depth=None, packages_select_by_dep=None, packages_skip_by_dep=None, packages_skip_up_to=None, packages_select_build_failed=False, packages_skip_build_finished=False, packages_select_test_failures=False, packages_skip_test_passed=False, packages_select=None, packages_skip=None, packages_select_regex=None, packages_skip_regex=None, packages_start=None, packages_end=None, cmake_args=None, cmake_target=None, cmake_target_skip_unavailable=False, cmake_clean_cache=False, cmake_clean_first=False, cmake_force_configure=False, ament_cmake_args=None, catkin_cmake_args=None, catkin_skip_building_tests=False, verb_parser=<colcon_defaults.argument_parser.defaults.DefaultArgumentsDecorator object at 0xffffbc5c2360>, verb_extension=<colcon_core.verb.build.BuildVerb object at 0xffffbcf4b1a0>, main=<bound method BuildVerb.main of <colcon_core.verb.build.BuildVerb object at 0xffffbcf4b1a0>>)
[0.223s] Level 1:colcon.colcon_core.package_discovery:discover_packages(colcon_meta) check parameters
[0.223s] Level 1:colcon.colcon_core.package_discovery:discover_packages(recursive) check parameters
[0.223s] Level 1:colcon.colcon_core.package_discovery:discover_packages(ignore) check parameters
[0.223s] Level 1:colcon.colcon_core.package_discovery:discover_packages(path) check parameters
[0.223s] Level 1:colcon.colcon_core.package_discovery:discover_packages(colcon_meta) discover
[0.224s] Level 1:colcon.colcon_core.package_discovery:discover_packages(recursive) discover
[0.224s] INFO:colcon.colcon_core.package_discovery:Crawling recursively for packages in '/home/nyf/Code/Opi-VIO-FPV'
[0.224s] Level 1:colcon.colcon_core.package_identification:_identify(.) by extensions ['ignore', 'ignore_ament_install']
[0.224s] Level 1:colcon.colcon_core.package_identification:_identify(.) by extension 'ignore'
[0.224s] Level 1:colcon.colcon_core.package_identification:_identify(.) by extension 'ignore_ament_install'
[0.224s] Level 1:colcon.colcon_core.package_identification:_identify(.) by extensions ['colcon_pkg']
[0.224s] Level 1:colcon.colcon_core.package_identification:_identify(.) by extension 'colcon_pkg'
[0.224s] Level 1:colcon.colcon_core.package_identification:_identify(.) by extensions ['colcon_meta']
[0.224s] Level 1:colcon.colcon_core.package_identification:_identify(.) by extension 'colcon_meta'
[0.225s] Level 1:colcon.colcon_core.package_identification:_identify(.) by extensions ['ros']
[0.225s] Level 1:colcon.colcon_core.package_identification:_identify(.) by extension 'ros'
[0.270s] Level 1:colcon.colcon_core.package_identification:_identify(.) by extensions ['cmake', 'python']
[0.270s] Level 1:colcon.colcon_core.package_identification:_identify(.) by extension 'cmake'
[0.270s] Level 1:colcon.colcon_core.package_identification:_identify(.) by extension 'python'
[0.270s] Level 1:colcon.colcon_core.package_identification:_identify(.) by extensions ['python_setup_py']
[0.270s] Level 1:colcon.colcon_core.package_identification:_identify(.) by extension 'python_setup_py'
[0.270s] Level 1:colcon.colcon_core.package_identification:_identify(build) by extensions ['ignore', 'ignore_ament_install']
[0.271s] Level 1:colcon.colcon_core.package_identification:_identify(build) by extension 'ignore'
[0.271s] Level 1:colcon.colcon_core.package_identification:_identify(build) ignored
[0.271s] Level 1:colcon.colcon_core.package_identification:_identify(install) by extensions ['ignore', 'ignore_ament_install']
[0.271s] Level 1:colcon.colcon_core.package_identification:_identify(install) by extension 'ignore'
[0.271s] Level 1:colcon.colcon_core.package_identification:_identify(install) ignored
[0.271s] Level 1:colcon.colcon_core.package_identification:_identify(log) by extensions ['ignore', 'ignore_ament_install']
[0.271s] Level 1:colcon.colcon_core.package_identification:_identify(log) by extension 'ignore'
[0.271s] Level 1:colcon.colcon_core.package_identification:_identify(log) ignored
[0.272s] Level 1:colcon.colcon_core.package_identification:_identify(src) by extensions ['ignore', 'ignore_ament_install']
[0.272s] Level 1:colcon.colcon_core.package_identification:_identify(src) by extension 'ignore'
[0.272s] Level 1:colcon.colcon_core.package_identification:_identify(src) by extension 'ignore_ament_install'
[0.272s] Level 1:colcon.colcon_core.package_identification:_identify(src) by extensions ['colcon_pkg']
[0.272s] Level 1:colcon.colcon_core.package_identification:_identify(src) by extension 'colcon_pkg'
[0.272s] Level 1:colcon.colcon_core.package_identification:_identify(src) by extensions ['colcon_meta']
[0.272s] Level 1:colcon.colcon_core.package_identification:_identify(src) by extension 'colcon_meta'
[0.272s] Level 1:colcon.colcon_core.package_identification:_identify(src) by extensions ['ros']
[0.272s] Level 1:colcon.colcon_core.package_identification:_identify(src) by extension 'ros'
[0.272s] Level 1:colcon.colcon_core.package_identification:_identify(src) by extensions ['cmake', 'python']
[0.272s] Level 1:colcon.colcon_core.package_identification:_identify(src) by extension 'cmake'
[0.272s] Level 1:colcon.colcon_core.package_identification:_identify(src) by extension 'python'
[0.272s] Level 1:colcon.colcon_core.package_identification:_identify(src) by extensions ['python_setup_py']
[0.272s] Level 1:colcon.colcon_core.package_identification:_identify(src) by extension 'python_setup_py'
[0.272s] Level 1:colcon.colcon_core.package_identification:_identify(src/mavROS_test) by extensions ['ignore', 'ignore_ament_install']
[0.273s] Level 1:colcon.colcon_core.package_identification:_identify(src/mavROS_test) by extension 'ignore'
[0.273s] Level 1:colcon.colcon_core.package_identification:_identify(src/mavROS_test) by extension 'ignore_ament_install'
[0.273s] Level 1:colcon.colcon_core.package_identification:_identify(src/mavROS_test) by extensions ['colcon_pkg']
[0.273s] Level 1:colcon.colcon_core.package_identification:_identify(src/mavROS_test) by extension 'colcon_pkg'
[0.273s] Level 1:colcon.colcon_core.package_identification:_identify(src/mavROS_test) by extensions ['colcon_meta']
[0.273s] Level 1:colcon.colcon_core.package_identification:_identify(src/mavROS_test) by extension 'colcon_meta'
[0.273s] Level 1:colcon.colcon_core.package_identification:_identify(src/mavROS_test) by extensions ['ros']
[0.273s] Level 1:colcon.colcon_core.package_identification:_identify(src/mavROS_test) by extension 'ros'
[0.277s] DEBUG:colcon.colcon_core.package_identification:Package 'src/mavROS_test' with type 'ros.ament_cmake' and name 'mavROS_test'
[0.278s] Level 1:colcon.colcon_core.package_discovery:discover_packages(recursive) using defaults
[0.278s] Level 1:colcon.colcon_core.package_discovery:discover_packages(ignore) discover
[0.278s] Level 1:colcon.colcon_core.package_discovery:discover_packages(ignore) using defaults
[0.278s] Level 1:colcon.colcon_core.package_discovery:discover_packages(path) discover
[0.278s] Level 1:colcon.colcon_core.package_discovery:discover_packages(path) using defaults
[0.310s] Level 5:colcon.colcon_core.verb:set package 'mavROS_test' build argument 'cmake_args' from command line to 'None'
[0.311s] Level 5:colcon.colcon_core.verb:set package 'mavROS_test' build argument 'cmake_target' from command line to 'None'
[0.311s] Level 5:colcon.colcon_core.verb:set package 'mavROS_test' build argument 'cmake_target_skip_unavailable' from command line to 'False'
[0.311s] Level 5:colcon.colcon_core.verb:set package 'mavROS_test' build argument 'cmake_clean_cache' from command line to 'False'
[0.311s] Level 5:colcon.colcon_core.verb:set package 'mavROS_test' build argument 'cmake_clean_first' from command line to 'False'
[0.311s] Level 5:colcon.colcon_core.verb:set package 'mavROS_test' build argument 'cmake_force_configure' from command line to 'False'
[0.311s] Level 5:colcon.colcon_core.verb:set package 'mavROS_test' build argument 'ament_cmake_args' from command line to 'None'
[0.311s] Level 5:colcon.colcon_core.verb:set package 'mavROS_test' build argument 'catkin_cmake_args' from command line to 'None'
[0.311s] Level 5:colcon.colcon_core.verb:set package 'mavROS_test' build argument 'catkin_skip_building_tests' from command line to 'False'
[0.311s] DEBUG:colcon.colcon_core.verb:Building package 'mavROS_test' with the following arguments: {'ament_cmake_args': None, 'build_base': '/home/nyf/Code/Opi-VIO-FPV/build/mavROS_test', 'catkin_cmake_args': None, 'catkin_skip_building_tests': False, 'cmake_args': None, 'cmake_clean_cache': False, 'cmake_clean_first': False, 'cmake_force_configure': False, 'cmake_target': None, 'cmake_target_skip_unavailable': False, 'install_base': '/home/nyf/Code/Opi-VIO-FPV/install/mavROS_test', 'merge_install': False, 'path': '/home/nyf/Code/Opi-VIO-FPV/src/mavROS_test', 'symlink_install': False, 'test_result_base': None}
[0.311s] INFO:colcon.colcon_core.executor:Executing jobs using 'parallel' executor
[0.317s] DEBUG:colcon.colcon_parallel_executor.executor.parallel:run_until_complete
[0.318s] INFO:colcon.colcon_ros.task.ament_cmake.build:Building ROS package in '/home/nyf/Code/Opi-VIO-FPV/src/mavROS_test' with build type 'ament_cmake'
[0.318s] INFO:colcon.colcon_cmake.task.cmake.build:Building CMake package in '/home/nyf/Code/Opi-VIO-FPV/src/mavROS_test'
[0.322s] INFO:colcon.colcon_core.plugin_system:Skipping extension 'colcon_core.shell.bat': Not used on non-Windows systems
[0.323s] DEBUG:colcon.colcon_core.shell:Skip shell extension 'dsv' for command environment
[0.348s] DEBUG:colcon.colcon_core.event_handler.log_command:Invoking command in '/home/nyf/Code/Opi-VIO-FPV/build/mavROS_test': CMAKE_PREFIX_PATH=${CMAKE_PREFIX_PATH}:/opt/ros/jazzy DEBUGINFOD_URLS=https://debuginfod.ubuntu.com /usr/bin/cmake --build /home/nyf/Code/Opi-VIO-FPV/build/mavROS_test -- -j8 -l8
[12.563s] DEBUG:colcon.colcon_core.event_handler.log_command:Invoked command in '/home/nyf/Code/Opi-VIO-FPV/build/mavROS_test' returned '0': CMAKE_PREFIX_PATH=${CMAKE_PREFIX_PATH}:/opt/ros/jazzy DEBUGINFOD_URLS=https://debuginfod.ubuntu.com /usr/bin/cmake --build /home/nyf/Code/Opi-VIO-FPV/build/mavROS_test -- -j8 -l8
[12.660s] DEBUG:colcon.colcon_core.event_handler.log_command:Invoking command in '/home/nyf/Code/Opi-VIO-FPV/build/mavROS_test': CMAKE_PREFIX_PATH=${CMAKE_PREFIX_PATH}:/opt/ros/jazzy DEBUGINFOD_URLS=https://debuginfod.ubuntu.com /usr/bin/cmake --install /home/nyf/Code/Opi-VIO-FPV/build/mavROS_test
[12.680s] Level 1:colcon.colcon_core.environment:create_environment_scripts_only(mavROS_test)
[12.682s] DEBUG:colcon.colcon_core.event_handler.log_command:Invoked command in '/home/nyf/Code/Opi-VIO-FPV/build/mavROS_test' returned '0': CMAKE_PREFIX_PATH=${CMAKE_PREFIX_PATH}:/opt/ros/jazzy DEBUGINFOD_URLS=https://debuginfod.ubuntu.com /usr/bin/cmake --install /home/nyf/Code/Opi-VIO-FPV/build/mavROS_test
[12.685s] Level 1:colcon.colcon_core.environment:checking '/home/nyf/Code/Opi-VIO-FPV/install/mavROS_test' for CMake module files
[12.686s] Level 1:colcon.colcon_core.environment:checking '/home/nyf/Code/Opi-VIO-FPV/install/mavROS_test' for CMake config files
[12.687s] Level 1:colcon.colcon_core.shell:create_environment_hook('mavROS_test', 'cmake_prefix_path')
[12.687s] INFO:colcon.colcon_core.shell:Creating environment descriptor '/home/nyf/Code/Opi-VIO-FPV/install/mavROS_test/share/mavROS_test/hook/cmake_prefix_path.dsv'
[12.688s] INFO:colcon.colcon_core.shell:Creating environment hook '/home/nyf/Code/Opi-VIO-FPV/install/mavROS_test/share/mavROS_test/hook/cmake_prefix_path.sh'
[12.690s] Level 1:colcon.colcon_core.environment:checking '/home/nyf/Code/Opi-VIO-FPV/install/mavROS_test/lib'
[12.690s] Level 1:colcon.colcon_core.environment:checking '/home/nyf/Code/Opi-VIO-FPV/install/mavROS_test/bin'
[12.690s] Level 1:colcon.colcon_core.environment:checking '/home/nyf/Code/Opi-VIO-FPV/install/mavROS_test/lib/pkgconfig/mavROS_test.pc'
[12.694s] Level 1:colcon.colcon_core.environment:checking '/home/nyf/Code/Opi-VIO-FPV/install/mavROS_test/lib/python3.12/site-packages'
[12.694s] Level 1:colcon.colcon_core.environment:checking '/home/nyf/Code/Opi-VIO-FPV/install/mavROS_test/bin'
[12.696s] INFO:colcon.colcon_core.shell:Creating package descriptor '/home/nyf/Code/Opi-VIO-FPV/install/mavROS_test/share/mavROS_test/package.dsv'
[12.698s] INFO:colcon.colcon_core.shell:Creating package script '/home/nyf/Code/Opi-VIO-FPV/install/mavROS_test/share/mavROS_test/package.sh'
[12.699s] INFO:colcon.colcon_core.shell:Creating package script '/home/nyf/Code/Opi-VIO-FPV/install/mavROS_test/share/mavROS_test/package.bash'
[12.700s] INFO:colcon.colcon_core.shell:Creating package script '/home/nyf/Code/Opi-VIO-FPV/install/mavROS_test/share/mavROS_test/package.zsh'
[12.701s] Level 1:colcon.colcon_core.environment:create_file_with_runtime_dependencies(/home/nyf/Code/Opi-VIO-FPV/install/mavROS_test/share/colcon-core/packages/mavROS_test)
[12.783s] Level 1:colcon.colcon_core.environment:create_environment_scripts_only(mavROS_test)
[12.783s] Level 1:colcon.colcon_core.environment:checking '/home/nyf/Code/Opi-VIO-FPV/install/mavROS_test' for CMake module files
[12.784s] Level 1:colcon.colcon_core.environment:checking '/home/nyf/Code/Opi-VIO-FPV/install/mavROS_test' for CMake config files
[12.785s] Level 1:colcon.colcon_core.shell:create_environment_hook('mavROS_test', 'cmake_prefix_path')
[12.785s] INFO:colcon.colcon_core.shell:Creating environment descriptor '/home/nyf/Code/Opi-VIO-FPV/install/mavROS_test/share/mavROS_test/hook/cmake_prefix_path.dsv'
[12.786s] INFO:colcon.colcon_core.shell:Creating environment hook '/home/nyf/Code/Opi-VIO-FPV/install/mavROS_test/share/mavROS_test/hook/cmake_prefix_path.sh'
[12.787s] Level 1:colcon.colcon_core.environment:checking '/home/nyf/Code/Opi-VIO-FPV/install/mavROS_test/lib'
[12.787s] Level 1:colcon.colcon_core.environment:checking '/home/nyf/Code/Opi-VIO-FPV/install/mavROS_test/bin'
[12.788s] Level 1:colcon.colcon_core.environment:checking '/home/nyf/Code/Opi-VIO-FPV/install/mavROS_test/lib/pkgconfig/mavROS_test.pc'
[12.788s] Level 1:colcon.colcon_core.environment:checking '/home/nyf/Code/Opi-VIO-FPV/install/mavROS_test/lib/python3.12/site-packages'
[12.788s] Level 1:colcon.colcon_core.environment:checking '/home/nyf/Code/Opi-VIO-FPV/install/mavROS_test/bin'
[12.789s] INFO:colcon.colcon_core.shell:Creating package descriptor '/home/nyf/Code/Opi-VIO-FPV/install/mavROS_test/share/mavROS_test/package.dsv'
[12.790s] INFO:colcon.colcon_core.shell:Creating package script '/home/nyf/Code/Opi-VIO-FPV/install/mavROS_test/share/mavROS_test/package.sh'
[12.790s] INFO:colcon.colcon_core.shell:Creating package script '/home/nyf/Code/Opi-VIO-FPV/install/mavROS_test/share/mavROS_test/package.bash'
[12.791s] INFO:colcon.colcon_core.shell:Creating package script '/home/nyf/Code/Opi-VIO-FPV/install/mavROS_test/share/mavROS_test/package.zsh'
[12.792s] Level 1:colcon.colcon_core.environment:create_file_with_runtime_dependencies(/home/nyf/Code/Opi-VIO-FPV/install/mavROS_test/share/colcon-core/packages/mavROS_test)
[12.792s] DEBUG:colcon.colcon_parallel_executor.executor.parallel:closing loop
[12.793s] DEBUG:colcon.colcon_parallel_executor.executor.parallel:loop closed
[12.794s] DEBUG:colcon.colcon_parallel_executor.executor.parallel:run_until_complete finished with '0'
[12.794s] DEBUG:colcon.colcon_core.event_reactor:joining thread
[12.821s] INFO:colcon.colcon_core.plugin_system:Skipping extension 'colcon_notification.desktop_notification.terminal_notifier': Not used on non-Darwin systems
[12.822s] INFO:colcon.colcon_core.plugin_system:Skipping extension 'colcon_notification.desktop_notification.win32': Not used on non-Windows systems
[12.822s] INFO:colcon.colcon_notification.desktop_notification:Sending desktop notification using 'notify2'
[12.867s] DEBUG:colcon.colcon_core.event_reactor:joined thread
[12.867s] INFO:colcon.colcon_core.shell:Creating prefix script '/home/nyf/Code/Opi-VIO-FPV/install/local_setup.sh'
[12.868s] INFO:colcon.colcon_core.shell:Creating prefix util module '/home/nyf/Code/Opi-VIO-FPV/install/_local_setup_util_sh.py'
[12.870s] INFO:colcon.colcon_core.shell:Creating prefix chain script '/home/nyf/Code/Opi-VIO-FPV/install/setup.sh'
[12.872s] INFO:colcon.colcon_core.shell:Creating prefix script '/home/nyf/Code/Opi-VIO-FPV/install/local_setup.bash'
[12.873s] INFO:colcon.colcon_core.shell:Creating prefix chain script '/home/nyf/Code/Opi-VIO-FPV/install/setup.bash'
[12.875s] INFO:colcon.colcon_core.shell:Creating prefix script '/home/nyf/Code/Opi-VIO-FPV/install/local_setup.zsh'
[12.876s] INFO:colcon.colcon_core.shell:Creating prefix chain script '/home/nyf/Code/Opi-VIO-FPV/install/setup.zsh'
